#
# There is insufficient memory for the Java Runtime Environment to continue.
# Native memory allocation (malloc) failed to allocate 327216 bytes. Error detail: Chunk::new
# Possible reasons:
#   The system is out of physical RAM or swap space
#   This process is running with CompressedOops enabled, and the Java Heap may be blocking the growth of the native heap
# Possible solutions:
#   Reduce memory load on the system
#   Increase physical memory or swap space
#   Check if swap backing store is full
#   Decrease Java heap size (-Xmx/-Xms)
#   Decrease number of Java threads
#   Decrease Java thread stack sizes (-Xss)
#   Set larger code cache with -XX:ReservedCodeCacheSize=
#   JVM is running with Unscaled Compressed Oops mode in which the Java heap is
#     placed in the first 4GB address space. The Java Heap base address is the
#     maximum limit for the native heap growth. Please use -XX:HeapBaseMinAddress
#     to set the Java Heap base and to place the Java Heap above 4GB virtual address.
# This output file may be truncated or incomplete.
#
#  Out of Memory Error (arena.cpp:149), pid=16808, tid=21528
#
# JRE version: Java(TM) SE Runtime Environment (23.0.1+11) (build 23.0.1+11-39)
# Java VM: Java HotSpot(TM) 64-Bit Server VM (23.0.1+11-39, mixed mode, sharing, tiered, compressed oops, compressed class ptrs, g1 gc, windows-amd64)
# No core dump will be written. Minidumps are not enabled by default on client versions of Windows
#

---------------  S U M M A R Y ------------

Command Line: --enable-preview Vista.Login

Host: Intel(R) Core(TM) i3-1005G1 CPU @ 1.20GHz, 4 cores, 3G,  Windows 11 , 64 bit Build 26100 (10.0.26100.3775)
Time: Tue May  6 08:29:28 2025 Hora est. Pacífico, Sudamérica elapsed time: 68.423886 seconds (0d 0h 1m 8s)

---------------  T H R E A D  ---------------

Current thread (0x000001ebb7be4230):  JavaThread "C2 CompilerThread0" daemon [_thread_in_native, id=21528, stack(0x000000c45b700000,0x000000c45b800000) (1024K)]


Current CompileTask:
C2:68424 3932   !   4       java.awt.EventQueue::getNextEvent (84 bytes)

Stack: [0x000000c45b700000,0x000000c45b800000]
Native frames: (J=compiled Java code, j=interpreted, Vv=VM code, C=native code)
V  [jvm.dll+0x6e08b9]  (no source info available)
V  [jvm.dll+0x87dc83]  (no source info available)
V  [jvm.dll+0x88010e]  (no source info available)
V  [jvm.dll+0x8807e3]  (no source info available)
V  [jvm.dll+0x27aee6]  (no source info available)
V  [jvm.dll+0xbc06f]  (no source info available)
V  [jvm.dll+0xbc2cb]  (no source info available)
V  [jvm.dll+0x2ee94d]  (no source info available)
V  [jvm.dll+0x6063d9]  (no source info available)
V  [jvm.dll+0x24ddf2]  (no source info available)
V  [jvm.dll+0x2460bc]  (no source info available)
V  [jvm.dll+0x243d04]  (no source info available)
V  [jvm.dll+0x1c33a0]  (no source info available)
V  [jvm.dll+0x253cf1]  (no source info available)
V  [jvm.dll+0x251faa]  (no source info available)
V  [jvm.dll+0x3ee036]  (no source info available)
V  [jvm.dll+0x824f8b]  (no source info available)
V  [jvm.dll+0x6df065]  (no source info available)
C  [ucrtbase.dll+0x37b0]  (no source info available)
C  [KERNEL32.DLL+0x2e8d7]  (no source info available)
C  [ntdll.dll+0xb14fc]  (no source info available)

Lock stack of current Java thread (top to bottom):


---------------  P R O C E S S  ---------------

Threads class SMR info:
_java_thread_list=0x000001ebfe19ef80, length=16, elements={
0x000001ebb7bd6da0, 0x000001ebb7bd9b00, 0x000001ebb7bdcbc0, 0x000001ebb7be1e00,
0x000001ebb7be2860, 0x000001ebb7be33b0, 0x000001ebb7be4230, 0x000001ebb7c104c0,
0x000001ebfd0c6410, 0x000001ebfd0d0f80, 0x000001ebfd566fe0, 0x000001ebfd569e60,
0x000001ebfd56a4d0, 0x000001ebfe34c010, 0x000001ebfe0d1710, 0x000001eb9aa898f0
}

Java Threads: ( => current thread )
  0x000001ebb7bd6da0 JavaThread "Reference Handler"          daemon [_thread_blocked, id=9748, stack(0x000000c45b100000,0x000000c45b200000) (1024K)]
  0x000001ebb7bd9b00 JavaThread "Finalizer"                  daemon [_thread_blocked, id=22352, stack(0x000000c45b200000,0x000000c45b300000) (1024K)]
  0x000001ebb7bdcbc0 JavaThread "Signal Dispatcher"          daemon [_thread_blocked, id=6260, stack(0x000000c45b300000,0x000000c45b400000) (1024K)]
  0x000001ebb7be1e00 JavaThread "Attach Listener"            daemon [_thread_blocked, id=7468, stack(0x000000c45b400000,0x000000c45b500000) (1024K)]
  0x000001ebb7be2860 JavaThread "Service Thread"             daemon [_thread_blocked, id=11948, stack(0x000000c45b500000,0x000000c45b600000) (1024K)]
  0x000001ebb7be33b0 JavaThread "Monitor Deflation Thread"   daemon [_thread_blocked, id=6488, stack(0x000000c45b600000,0x000000c45b700000) (1024K)]
=>0x000001ebb7be4230 JavaThread "C2 CompilerThread0"         daemon [_thread_in_native, id=21528, stack(0x000000c45b700000,0x000000c45b800000) (1024K)]
  0x000001ebb7c104c0 JavaThread "C1 CompilerThread0"         daemon [_thread_blocked, id=4372, stack(0x000000c45b800000,0x000000c45b900000) (1024K)]
  0x000001ebfd0c6410 JavaThread "Notification Thread"        daemon [_thread_blocked, id=13724, stack(0x000000c45b900000,0x000000c45ba00000) (1024K)]
  0x000001ebfd0d0f80 JavaThread "Common-Cleaner"             daemon [_thread_blocked, id=15292, stack(0x000000c45ba00000,0x000000c45bb00000) (1024K)]
  0x000001ebfd566fe0 JavaThread "Java2D Disposer"            daemon [_thread_blocked, id=928, stack(0x000000c45bb00000,0x000000c45bc00000) (1024K)]
  0x000001ebfd569e60 JavaThread "AWT-Shutdown"                      [_thread_blocked, id=6100, stack(0x000000c45bc00000,0x000000c45bd00000) (1024K)]
  0x000001ebfd56a4d0 JavaThread "AWT-Windows"                daemon [_thread_in_native, id=5520, stack(0x000000c45bd00000,0x000000c45be00000) (1024K)]
  0x000001ebfe34c010 JavaThread "TimerQueue"                 daemon [_thread_blocked, id=15344, stack(0x000000c45c100000,0x000000c45c200000) (1024K)]
  0x000001ebfe0d1710 JavaThread "AWT-EventQueue-0"                  [_thread_blocked, id=20388, stack(0x000000c45c200000,0x000000c45c300000) (1024K)]
  0x000001eb9aa898f0 JavaThread "DestroyJavaVM"                     [_thread_blocked, id=13504, stack(0x000000c45a900000,0x000000c45aa00000) (1024K)]
Total: 16

Other Threads:
  0x000001ebb7bc2cb0 VMThread "VM Thread"                           [id=10456, stack(0x000000c45b000000,0x000000c45b100000) (1024K)]
  0x000001ebb7bae790 WatcherThread "VM Periodic Task Thread"        [id=5364, stack(0x000000c45af00000,0x000000c45b000000) (1024K)]
  0x000001eb9cd4be90 WorkerThread "GC Thread#0"                     [id=9612, stack(0x000000c45aa00000,0x000000c45ab00000) (1024K)]
  0x000001ebfe03c110 WorkerThread "GC Thread#1"                     [id=2396, stack(0x000000c45be00000,0x000000c45bf00000) (1024K)]
  0x000001ebfe03c4c0 WorkerThread "GC Thread#2"                     [id=6976, stack(0x000000c45bf00000,0x000000c45c000000) (1024K)]
  0x000001ebfe052240 WorkerThread "GC Thread#3"                     [id=13836, stack(0x000000c45c000000,0x000000c45c100000) (1024K)]
  0x000001eb9cd56790 ConcurrentGCThread "G1 Main Marker"            [id=5868, stack(0x000000c45ab00000,0x000000c45ac00000) (1024K)]
  0x000001eb9cd572a0 WorkerThread "G1 Conc#0"                       [id=6512, stack(0x000000c45ac00000,0x000000c45ad00000) (1024K)]
  0x000001eb9cdbdcc0 ConcurrentGCThread "G1 Refine#0"               [id=19960, stack(0x000000c45ad00000,0x000000c45ae00000) (1024K)]
  0x000001eb9cdbe6e0 ConcurrentGCThread "G1 Service"                [id=7444, stack(0x000000c45ae00000,0x000000c45af00000) (1024K)]
Total: 10

Threads with active compile tasks:
C2 CompilerThread0  68469 3932   !   4       java.awt.EventQueue::getNextEvent (84 bytes)
Total: 1

VM state: not at safepoint (normal execution)

VM Mutex/Monitor currently owned by a thread: None

Heap address: 0x00000000c3200000, size: 974 MB, Compressed Oops mode: 32-bit

CDS archive(s) mapped at: [0x000001ebb8000000-0x000001ebb8d70000-0x000001ebb8d70000), size 14090240, SharedBaseAddress: 0x000001ebb8000000, ArchiveRelocationMode: 1.
Compressed class space mapped at: 0x000001ebb9000000-0x000001ebf9000000, reserved size: 1073741824
Narrow klass base: 0x000001ebb8000000, Narrow klass shift: 0, Narrow klass range: 0x41000000

GC Precious Log:
 CardTable entry size: 512
 Card Set container configuration: InlinePtr #cards 5 size 8 Array Of Cards #cards 10 size 36 Howl #buckets 4 coarsen threshold 1843 Howl Bitmap #cards 512 size 80 coarsen threshold 460 Card regions per heap region 1 cards per card region 2048
 CPUs: 4 total, 4 available
 Memory: 3891M
 Large Page Support: Disabled
 NUMA Support: Disabled
 Compressed Oops: Enabled (32-bit)
 Heap Region Size: 1M
 Heap Min Capacity: 8M
 Heap Initial Capacity: 62M
 Heap Max Capacity: 974M
 Pre-touch: Disabled
 Parallel Workers: 4
 Concurrent Workers: 1
 Concurrent Refinement Workers: 4
 Periodic GC: Disabled

Heap:
 garbage-first heap   total reserved 997376K, committed 63488K, used 37053K [0x00000000c3200000, 0x0000000100000000)
  region size 1024K, 22 young (22528K), 3 survivors (3072K)
 Metaspace       used 14578K, committed 14848K, reserved 1114112K
  class space    used 1553K, committed 1664K, reserved 1048576K

Heap Regions: E=young(eden), S=young(survivor), O=old, HS=humongous(starts), HC=humongous(continues), CS=collection set, F=free, TAMS=top-at-mark-start, PB=parsable bottom
|   0|0x00000000c3200000, 0x00000000c3300000, 0x00000000c3300000|100%| O|  |TAMS 0x00000000c3200000| PB 0x00000000c3200000| Untracked |  0
|   1|0x00000000c3300000, 0x00000000c3400000, 0x00000000c3400000|100%| O|  |TAMS 0x00000000c3300000| PB 0x00000000c3300000| Untracked |  0
|   2|0x00000000c3400000, 0x00000000c3500000, 0x00000000c3500000|100%| O|  |TAMS 0x00000000c3400000| PB 0x00000000c3400000| Untracked |  0
|   3|0x00000000c3500000, 0x00000000c3600000, 0x00000000c3600000|100%| O|  |TAMS 0x00000000c3500000| PB 0x00000000c3500000| Untracked |  0
|   4|0x00000000c3600000, 0x00000000c3700000, 0x00000000c3700000|100%| O|  |TAMS 0x00000000c3600000| PB 0x00000000c3600000| Untracked |  0
|   5|0x00000000c3700000, 0x00000000c3800000, 0x00000000c3800000|100%| O|  |TAMS 0x00000000c3700000| PB 0x00000000c3700000| Untracked |  0
|   6|0x00000000c3800000, 0x00000000c3900000, 0x00000000c3900000|100%| O|  |TAMS 0x00000000c3800000| PB 0x00000000c3800000| Untracked |  0
|   7|0x00000000c3900000, 0x00000000c3a00000, 0x00000000c3a00000|100%|HS|  |TAMS 0x00000000c3900000| PB 0x00000000c3900000| Complete |  0
|   8|0x00000000c3a00000, 0x00000000c3b00000, 0x00000000c3b00000|100%|HC|  |TAMS 0x00000000c3a00000| PB 0x00000000c3a00000| Complete |  0
|   9|0x00000000c3b00000, 0x00000000c3c00000, 0x00000000c3c00000|100%|HS|  |TAMS 0x00000000c3b00000| PB 0x00000000c3b00000| Complete |  0
|  10|0x00000000c3c00000, 0x00000000c3d00000, 0x00000000c3d00000|100%|HC|  |TAMS 0x00000000c3c00000| PB 0x00000000c3c00000| Complete |  0
|  11|0x00000000c3d00000, 0x00000000c3e00000, 0x00000000c3e00000|100%|HS|  |TAMS 0x00000000c3d00000| PB 0x00000000c3d00000| Complete |  0
|  12|0x00000000c3e00000, 0x00000000c3f00000, 0x00000000c3f00000|100%|HC|  |TAMS 0x00000000c3e00000| PB 0x00000000c3e00000| Complete |  0
|  13|0x00000000c3f00000, 0x00000000c4000000, 0x00000000c4000000|100%|HC|  |TAMS 0x00000000c3f00000| PB 0x00000000c3f00000| Complete |  0
|  14|0x00000000c4000000, 0x00000000c4100000, 0x00000000c4100000|100%|HC|  |TAMS 0x00000000c4000000| PB 0x00000000c4000000| Complete |  0
|  15|0x00000000c4100000, 0x00000000c4200000, 0x00000000c4200000|100%| O|  |TAMS 0x00000000c4100000| PB 0x00000000c4100000| Untracked |  0
|  16|0x00000000c4200000, 0x00000000c4200000, 0x00000000c4300000|  0%| F|  |TAMS 0x00000000c4200000| PB 0x00000000c4200000| Untracked |  0
|  17|0x00000000c4300000, 0x00000000c4300000, 0x00000000c4400000|  0%| F|  |TAMS 0x00000000c4300000| PB 0x00000000c4300000| Untracked |  0
|  18|0x00000000c4400000, 0x00000000c4400000, 0x00000000c4500000|  0%| F|  |TAMS 0x00000000c4400000| PB 0x00000000c4400000| Untracked |  0
|  19|0x00000000c4500000, 0x00000000c4500000, 0x00000000c4600000|  0%| F|  |TAMS 0x00000000c4500000| PB 0x00000000c4500000| Untracked |  0
|  20|0x00000000c4600000, 0x00000000c4600000, 0x00000000c4700000|  0%| F|  |TAMS 0x00000000c4600000| PB 0x00000000c4600000| Untracked |  0
|  21|0x00000000c4700000, 0x00000000c4700000, 0x00000000c4800000|  0%| F|  |TAMS 0x00000000c4700000| PB 0x00000000c4700000| Untracked |  0
|  22|0x00000000c4800000, 0x00000000c4800000, 0x00000000c4900000|  0%| F|  |TAMS 0x00000000c4800000| PB 0x00000000c4800000| Untracked |  0
|  23|0x00000000c4900000, 0x00000000c4900000, 0x00000000c4a00000|  0%| F|  |TAMS 0x00000000c4900000| PB 0x00000000c4900000| Untracked |  0
|  24|0x00000000c4a00000, 0x00000000c4a00000, 0x00000000c4b00000|  0%| F|  |TAMS 0x00000000c4a00000| PB 0x00000000c4a00000| Untracked |  0
|  25|0x00000000c4b00000, 0x00000000c4b00000, 0x00000000c4c00000|  0%| F|  |TAMS 0x00000000c4b00000| PB 0x00000000c4b00000| Untracked |  0
|  26|0x00000000c4c00000, 0x00000000c4c00000, 0x00000000c4d00000|  0%| F|  |TAMS 0x00000000c4c00000| PB 0x00000000c4c00000| Untracked |  0
|  27|0x00000000c4d00000, 0x00000000c4d00000, 0x00000000c4e00000|  0%| F|  |TAMS 0x00000000c4d00000| PB 0x00000000c4d00000| Untracked |  0
|  28|0x00000000c4e00000, 0x00000000c4e00000, 0x00000000c4f00000|  0%| F|  |TAMS 0x00000000c4e00000| PB 0x00000000c4e00000| Untracked |  0
|  29|0x00000000c4f00000, 0x00000000c4f00000, 0x00000000c5000000|  0%| F|  |TAMS 0x00000000c4f00000| PB 0x00000000c4f00000| Untracked |  0
|  30|0x00000000c5000000, 0x00000000c502f4a0, 0x00000000c5100000| 18%| S|CS|TAMS 0x00000000c5000000| PB 0x00000000c5000000| Complete |  0
|  31|0x00000000c5100000, 0x00000000c5200000, 0x00000000c5200000|100%| S|CS|TAMS 0x00000000c5100000| PB 0x00000000c5100000| Complete |  0
|  32|0x00000000c5200000, 0x00000000c5300000, 0x00000000c5300000|100%| S|CS|TAMS 0x00000000c5200000| PB 0x00000000c5200000| Complete |  0
|  33|0x00000000c5300000, 0x00000000c5300000, 0x00000000c5400000|  0%| F|  |TAMS 0x00000000c5300000| PB 0x00000000c5300000| Untracked |  0
|  34|0x00000000c5400000, 0x00000000c5400000, 0x00000000c5500000|  0%| F|  |TAMS 0x00000000c5400000| PB 0x00000000c5400000| Untracked |  0
|  35|0x00000000c5500000, 0x00000000c5500000, 0x00000000c5600000|  0%| F|  |TAMS 0x00000000c5500000| PB 0x00000000c5500000| Untracked |  0
|  36|0x00000000c5600000, 0x00000000c5600000, 0x00000000c5700000|  0%| F|  |TAMS 0x00000000c5600000| PB 0x00000000c5600000| Untracked |  0
|  37|0x00000000c5700000, 0x00000000c5700000, 0x00000000c5800000|  0%| F|  |TAMS 0x00000000c5700000| PB 0x00000000c5700000| Untracked |  0
|  38|0x00000000c5800000, 0x00000000c5800000, 0x00000000c5900000|  0%| F|  |TAMS 0x00000000c5800000| PB 0x00000000c5800000| Untracked |  0
|  39|0x00000000c5900000, 0x00000000c5900000, 0x00000000c5a00000|  0%| F|  |TAMS 0x00000000c5900000| PB 0x00000000c5900000| Untracked |  0
|  40|0x00000000c5a00000, 0x00000000c5a00000, 0x00000000c5b00000|  0%| F|  |TAMS 0x00000000c5a00000| PB 0x00000000c5a00000| Untracked |  0
|  41|0x00000000c5b00000, 0x00000000c5b00000, 0x00000000c5c00000|  0%| F|  |TAMS 0x00000000c5b00000| PB 0x00000000c5b00000| Untracked |  0
|  42|0x00000000c5c00000, 0x00000000c5c00000, 0x00000000c5d00000|  0%| F|  |TAMS 0x00000000c5c00000| PB 0x00000000c5c00000| Untracked |  0
|  43|0x00000000c5d00000, 0x00000000c5d02440, 0x00000000c5e00000|  0%| E|  |TAMS 0x00000000c5d00000| PB 0x00000000c5d00000| Complete |  0
|  44|0x00000000c5e00000, 0x00000000c5f00000, 0x00000000c5f00000|100%| E|CS|TAMS 0x00000000c5e00000| PB 0x00000000c5e00000| Complete |  0
|  45|0x00000000c5f00000, 0x00000000c6000000, 0x00000000c6000000|100%| E|CS|TAMS 0x00000000c5f00000| PB 0x00000000c5f00000| Complete |  0
|  46|0x00000000c6000000, 0x00000000c6100000, 0x00000000c6100000|100%| E|CS|TAMS 0x00000000c6000000| PB 0x00000000c6000000| Complete |  0
|  47|0x00000000c6100000, 0x00000000c6200000, 0x00000000c6200000|100%| E|CS|TAMS 0x00000000c6100000| PB 0x00000000c6100000| Complete |  0
|  48|0x00000000c6200000, 0x00000000c6300000, 0x00000000c6300000|100%| E|CS|TAMS 0x00000000c6200000| PB 0x00000000c6200000| Complete |  0
|  49|0x00000000c6300000, 0x00000000c6400000, 0x00000000c6400000|100%| E|CS|TAMS 0x00000000c6300000| PB 0x00000000c6300000| Complete |  0
|  50|0x00000000c6400000, 0x00000000c6500000, 0x00000000c6500000|100%| E|CS|TAMS 0x00000000c6400000| PB 0x00000000c6400000| Complete |  0
|  51|0x00000000c6500000, 0x00000000c6600000, 0x00000000c6600000|100%| E|CS|TAMS 0x00000000c6500000| PB 0x00000000c6500000| Complete |  0
|  52|0x00000000c6600000, 0x00000000c6700000, 0x00000000c6700000|100%| E|CS|TAMS 0x00000000c6600000| PB 0x00000000c6600000| Complete |  0
|  53|0x00000000c6700000, 0x00000000c6800000, 0x00000000c6800000|100%| E|CS|TAMS 0x00000000c6700000| PB 0x00000000c6700000| Complete |  0
|  54|0x00000000c6800000, 0x00000000c6900000, 0x00000000c6900000|100%| E|CS|TAMS 0x00000000c6800000| PB 0x00000000c6800000| Complete |  0
|  55|0x00000000c6900000, 0x00000000c6a00000, 0x00000000c6a00000|100%| E|CS|TAMS 0x00000000c6900000| PB 0x00000000c6900000| Complete |  0
|  56|0x00000000c6a00000, 0x00000000c6b00000, 0x00000000c6b00000|100%| E|CS|TAMS 0x00000000c6a00000| PB 0x00000000c6a00000| Complete |  0
|  57|0x00000000c6b00000, 0x00000000c6c00000, 0x00000000c6c00000|100%| E|CS|TAMS 0x00000000c6b00000| PB 0x00000000c6b00000| Complete |  0
|  58|0x00000000c6c00000, 0x00000000c6d00000, 0x00000000c6d00000|100%| E|CS|TAMS 0x00000000c6c00000| PB 0x00000000c6c00000| Complete |  0
|  59|0x00000000c6d00000, 0x00000000c6e00000, 0x00000000c6e00000|100%| E|CS|TAMS 0x00000000c6d00000| PB 0x00000000c6d00000| Complete |  0
|  60|0x00000000c6e00000, 0x00000000c6f00000, 0x00000000c6f00000|100%| E|CS|TAMS 0x00000000c6e00000| PB 0x00000000c6e00000| Complete |  0
|  61|0x00000000c6f00000, 0x00000000c7000000, 0x00000000c7000000|100%| E|CS|TAMS 0x00000000c6f00000| PB 0x00000000c6f00000| Complete |  0

Card table byte_map: [0x000001ebb4630000,0x000001ebb4820000] _byte_map_base: 0x000001ebb4017000

Marking Bits: (CMBitMap*) 0x000001eb9cd4c5a0
 Bits: [0x000001ebb4820000, 0x000001ebb5758000)

Polling page: 0x000001eb9aba0000

Metaspace:

Usage:
  Non-class:     12.72 MB used.
      Class:      1.52 MB used.
       Both:     14.24 MB used.

Virtual space:
  Non-class space:       64.00 MB reserved,      12.88 MB ( 20%) committed,  1 nodes.
      Class space:        1.00 GB reserved,       1.62 MB ( <1%) committed,  1 nodes.
             Both:        1.06 GB reserved,      14.50 MB (  1%) committed. 

Chunk freelists:
   Non-Class:  2.73 MB
       Class:  14.22 MB
        Both:  16.95 MB

MaxMetaspaceSize: unlimited
CompressedClassSpaceSize: 1.00 GB
Initial GC threshold: 21.00 MB
Current GC threshold: 21.00 MB
CDS: on
 - commit_granule_bytes: 65536.
 - commit_granule_words: 8192.
 - virtual_space_node_default_size: 8388608.
 - enlarge_chunks_in_place: 1.
 - use_allocation_guard: 0.


Internal statistics:

num_allocs_failed_limit: 0.
num_arena_births: 204.
num_arena_deaths: 0.
num_vsnodes_births: 2.
num_vsnodes_deaths: 0.
num_space_committed: 230.
num_space_uncommitted: 0.
num_chunks_returned_to_freelist: 0.
num_chunks_taken_from_freelist: 346.
num_chunk_merges: 0.
num_chunk_splits: 202.
num_chunks_enlarged: 105.
num_inconsistent_stats: 0.

CodeHeap 'non-profiled nmethods': size=120064Kb used=2649Kb max_used=2649Kb free=117414Kb
 bounds [0x000001ebacf00000, 0x000001ebad1a0000, 0x000001ebb4440000]
CodeHeap 'profiled nmethods': size=120000Kb used=5435Kb max_used=5435Kb free=114564Kb
 bounds [0x000001eba5440000, 0x000001eba5990000, 0x000001ebac970000]
CodeHeap 'non-nmethods': size=5696Kb used=1872Kb max_used=1936Kb free=3823Kb
 bounds [0x000001ebac970000, 0x000001ebacbe0000, 0x000001ebacf00000]
CodeCache: size=245760Kb, used=9956Kb, max_used=10020Kb, free=235801Kb
 total_blobs=4687, nmethods=3930, adapters=662, full_count=0
Compilation: enabled, stopped_count=0, restarted_count=0

Compilation events (20 events):
Event: 39.429 Thread 0x000001ebb7be4230 nmethod 3920 0x000001ebad18be08 code [0x000001ebad18c000, 0x000001ebad18cfb0]
Event: 39.509 Thread 0x000001ebb7be4230 3921       4       sun.awt.AWTAutoShutdown::isReadyToShutdown (37 bytes)
Event: 39.512 Thread 0x000001ebb7be4230 nmethod 3921 0x000001ebad18d108 code [0x000001ebad18d220, 0x000001ebad18d308]
Event: 48.204 Thread 0x000001ebb7be4230 3922   !   4       java.util.concurrent.DelayQueue::offer (60 bytes)
Event: 48.239 Thread 0x000001ebb7be4230 nmethod 3922 0x000001ebad18d408 code [0x000001ebad18d5c0, 0x000001ebad18df30]
Event: 48.251 Thread 0x000001ebb7be4230 3923       4       java.util.PriorityQueue::poll (81 bytes)
Event: 48.270 Thread 0x000001ebb7be4230 nmethod 3923 0x000001ebad18e088 code [0x000001ebad18e200, 0x000001ebad18ec58]
Event: 48.271 Thread 0x000001ebb7be4230 3924   !   4       java.util.concurrent.DelayQueue::take (214 bytes)
Event: 48.313 Thread 0x000001ebb7be4230 nmethod 3924 0x000001ebad18ed08 code [0x000001ebad18ef60, 0x000001ebad190490]
Event: 48.379 Thread 0x000001ebb7be4230 3925       4       java.util.concurrent.locks.LockSupport::setCurrentBlocker (14 bytes)
Event: 48.381 Thread 0x000001ebb7be4230 nmethod 3925 0x000001ebad190608 code [0x000001ebad190700, 0x000001ebad190840]
Event: 48.488 Thread 0x000001ebb7be4230 3926       4       java.util.concurrent.locks.ReentrantLock::newCondition (8 bytes)
Event: 48.490 Thread 0x000001ebb7be4230 nmethod 3926 0x000001ebad190908 code [0x000001ebad190a20, 0x000001ebad190b18]
Event: 49.795 Thread 0x000001ebb7be4230 3927       4       javax.swing.Timer::post (36 bytes)
Event: 49.883 Thread 0x000001ebb7be4230 nmethod 3927 0x000001ebad190c08 code [0x000001ebad190e40, 0x000001ebad192420]
Event: 50.072 Thread 0x000001ebb7be4230 3928       4       javax.swing.Timer$DoPostEvent::run (85 bytes)
Event: 50.219 Thread 0x000001ebb7be4230 nmethod 3928 0x000001ebad192c08 code [0x000001ebad192f40, 0x000001ebad194990]
Event: 50.219 Thread 0x000001ebb7be4230 3929       4       javax.swing.Timer::fireActionPerformed (46 bytes)
Event: 50.269 Thread 0x000001ebb7be4230 nmethod 3929 0x000001ebad194c08 code [0x000001ebad194f00, 0x000001ebad196398]
Event: 65.127 Thread 0x000001ebb7be4230 3932   !   4       java.awt.EventQueue::getNextEvent (84 bytes)

GC Heap History (18 events):
Event: 1.067 GC heap before
{Heap before GC invocations=0 (full 0):
 garbage-first heap   total reserved 997376K, committed 63488K, used 14336K [0x00000000c3200000, 0x0000000100000000)
  region size 1024K, 14 young (14336K), 0 survivors (0K)
 Metaspace       used 6532K, committed 6720K, reserved 1114112K
  class space    used 690K, committed 768K, reserved 1048576K
}
Event: 1.074 GC heap after
{Heap after GC invocations=1 (full 0):
 garbage-first heap   total reserved 997376K, committed 63488K, used 5728K [0x00000000c3200000, 0x0000000100000000)
  region size 1024K, 2 young (2048K), 2 survivors (2048K)
 Metaspace       used 6532K, committed 6720K, reserved 1114112K
  class space    used 690K, committed 768K, reserved 1048576K
}
Event: 2.061 GC heap before
{Heap before GC invocations=1 (full 0):
 garbage-first heap   total reserved 997376K, committed 63488K, used 18016K [0x00000000c3200000, 0x0000000100000000)
  region size 1024K, 14 young (14336K), 2 survivors (2048K)
 Metaspace       used 9828K, committed 10112K, reserved 1114112K
  class space    used 1101K, committed 1216K, reserved 1048576K
}
Event: 2.066 GC heap after
{Heap after GC invocations=2 (full 0):
 garbage-first heap   total reserved 997376K, committed 63488K, used 8660K [0x00000000c3200000, 0x0000000100000000)
  region size 1024K, 2 young (2048K), 2 survivors (2048K)
 Metaspace       used 9828K, committed 10112K, reserved 1114112K
  class space    used 1101K, committed 1216K, reserved 1048576K
}
Event: 4.828 GC heap before
{Heap before GC invocations=2 (full 0):
 garbage-first heap   total reserved 997376K, committed 63488K, used 42452K [0x00000000c3200000, 0x0000000100000000)
  region size 1024K, 27 young (27648K), 2 survivors (2048K)
 Metaspace       used 14353K, committed 14656K, reserved 1114112K
  class space    used 1538K, committed 1664K, reserved 1048576K
}
Event: 4.833 GC heap after
{Heap after GC invocations=3 (full 0):
 garbage-first heap   total reserved 997376K, committed 63488K, used 18256K [0x00000000c3200000, 0x0000000100000000)
  region size 1024K, 4 young (4096K), 4 survivors (4096K)
 Metaspace       used 14353K, committed 14656K, reserved 1114112K
  class space    used 1538K, committed 1664K, reserved 1048576K
}
Event: 6.239 GC heap before
{Heap before GC invocations=3 (full 0):
 garbage-first heap   total reserved 997376K, committed 63488K, used 40784K [0x00000000c3200000, 0x0000000100000000)
  region size 1024K, 26 young (26624K), 4 survivors (4096K)
 Metaspace       used 14405K, committed 14720K, reserved 1114112K
  class space    used 1538K, committed 1664K, reserved 1048576K
}
Event: 6.243 GC heap after
{Heap after GC invocations=4 (full 0):
 garbage-first heap   total reserved 997376K, committed 63488K, used 18430K [0x00000000c3200000, 0x0000000100000000)
  region size 1024K, 2 young (2048K), 2 survivors (2048K)
 Metaspace       used 14405K, committed 14720K, reserved 1114112K
  class space    used 1538K, committed 1664K, reserved 1048576K
}
Event: 7.835 GC heap before
{Heap before GC invocations=4 (full 0):
 garbage-first heap   total reserved 997376K, committed 63488K, used 45054K [0x00000000c3200000, 0x0000000100000000)
  region size 1024K, 28 young (28672K), 2 survivors (2048K)
 Metaspace       used 14419K, committed 14720K, reserved 1114112K
  class space    used 1540K, committed 1664K, reserved 1048576K
}
Event: 7.847 GC heap after
{Heap after GC invocations=5 (full 0):
 garbage-first heap   total reserved 997376K, committed 63488K, used 18367K [0x00000000c3200000, 0x0000000100000000)
  region size 1024K, 2 young (2048K), 2 survivors (2048K)
 Metaspace       used 14419K, committed 14720K, reserved 1114112K
  class space    used 1540K, committed 1664K, reserved 1048576K
}
Event: 9.730 GC heap before
{Heap before GC invocations=5 (full 0):
 garbage-first heap   total reserved 997376K, committed 63488K, used 51135K [0x00000000c3200000, 0x0000000100000000)
  region size 1024K, 30 young (30720K), 2 survivors (2048K)
 Metaspace       used 14542K, committed 14848K, reserved 1114112K
  class space    used 1553K, committed 1664K, reserved 1048576K
}
Event: 9.736 GC heap after
{Heap after GC invocations=6 (full 0):
 garbage-first heap   total reserved 997376K, committed 63488K, used 22707K [0x00000000c3200000, 0x0000000100000000)
  region size 1024K, 3 young (3072K), 3 survivors (3072K)
 Metaspace       used 14542K, committed 14848K, reserved 1114112K
  class space    used 1553K, committed 1664K, reserved 1048576K
}
Event: 11.161 GC heap before
{Heap before GC invocations=6 (full 0):
 garbage-first heap   total reserved 997376K, committed 63488K, used 50355K [0x00000000c3200000, 0x0000000100000000)
  region size 1024K, 30 young (30720K), 3 survivors (3072K)
 Metaspace       used 14542K, committed 14848K, reserved 1114112K
  class space    used 1553K, committed 1664K, reserved 1048576K
}
Event: 11.165 GC heap after
{Heap after GC invocations=7 (full 0):
 garbage-first heap   total reserved 997376K, committed 63488K, used 18520K [0x00000000c3200000, 0x0000000100000000)
  region size 1024K, 3 young (3072K), 3 survivors (3072K)
 Metaspace       used 14542K, committed 14848K, reserved 1114112K
  class space    used 1553K, committed 1664K, reserved 1048576K
}
Event: 12.748 GC heap before
{Heap before GC invocations=7 (full 0):
 garbage-first heap   total reserved 997376K, committed 63488K, used 54360K [0x00000000c3200000, 0x0000000100000000)
  region size 1024K, 34 young (34816K), 3 survivors (3072K)
 Metaspace       used 14560K, committed 14848K, reserved 1114112K
  class space    used 1553K, committed 1664K, reserved 1048576K
}
Event: 12.753 GC heap after
{Heap after GC invocations=8 (full 0):
 garbage-first heap   total reserved 997376K, committed 63488K, used 22789K [0x00000000c3200000, 0x0000000100000000)
  region size 1024K, 3 young (3072K), 3 survivors (3072K)
 Metaspace       used 14560K, committed 14848K, reserved 1114112K
  class space    used 1553K, committed 1664K, reserved 1048576K
}
Event: 14.088 GC heap before
{Heap before GC invocations=8 (full 0):
 garbage-first heap   total reserved 997376K, committed 63488K, used 52485K [0x00000000c3200000, 0x0000000100000000)
  region size 1024K, 32 young (32768K), 3 survivors (3072K)
 Metaspace       used 14561K, committed 14848K, reserved 1114112K
  class space    used 1553K, committed 1664K, reserved 1048576K
}
Event: 14.091 GC heap after
{Heap after GC invocations=9 (full 0):
 garbage-first heap   total reserved 997376K, committed 63488K, used 18621K [0x00000000c3200000, 0x0000000100000000)
  region size 1024K, 3 young (3072K), 3 survivors (3072K)
 Metaspace       used 14561K, committed 14848K, reserved 1114112K
  class space    used 1553K, committed 1664K, reserved 1048576K
}

Dll operation events (11 events):
Event: 0.017 Loaded shared library C:\Program Files\Java\jdk-23\bin\java.dll
Event: 0.064 Loaded shared library C:\Program Files\Java\jdk-23\bin\jsvml.dll
Event: 0.163 Loaded shared library C:\Program Files\Java\jdk-23\bin\net.dll
Event: 0.166 Loaded shared library C:\Program Files\Java\jdk-23\bin\nio.dll
Event: 0.174 Loaded shared library C:\Program Files\Java\jdk-23\bin\zip.dll
Event: 0.294 Loaded shared library C:\Program Files\Java\jdk-23\bin\jimage.dll
Event: 0.366 Loaded shared library C:\Program Files\Java\jdk-23\bin\awt.dll
Event: 0.766 Loaded shared library C:\Program Files\Java\jdk-23\bin\freetype.dll
Event: 0.770 Loaded shared library C:\Program Files\Java\jdk-23\bin\fontmanager.dll
Event: 1.123 Loaded shared library C:\Users\Lenovo\AppData\Local\Temp\flatlaf.temp\flatlaf-windows-x86_64-12133349604553000.dll
Event: 1.948 Loaded shared library C:\Program Files\Java\jdk-23\bin\verify.dll

Deoptimization events (20 events):
Event: 14.692 Thread 0x000001ebfe0d1710 Uncommon trap: trap_request=0xffffffc6 fr.pc=0x000001ebad0ee16c relative=0x000000000000122c
Event: 14.692 Thread 0x000001ebfe0d1710 Uncommon trap: reason=bimorphic_or_optimized_type_check action=maybe_recompile pc=0x000001ebad0ee16c method=java.beans.PropertyChangeSupport.firePropertyChange(Ljava/beans/PropertyChangeEvent;)V @ 20 c2
Event: 14.692 Thread 0x000001ebfe0d1710 DEOPT PACKING pc=0x000001ebad0ee16c sp=0x000000c45c2fd470
Event: 14.692 Thread 0x000001ebfe0d1710 DEOPT UNPACKING pc=0x000001ebac9c7982 sp=0x000000c45c2fd328 mode 2
Event: 14.692 Thread 0x000001ebfe0d1710 Uncommon trap: trap_request=0xffffffc6 fr.pc=0x000001ebad0ee16c relative=0x000000000000122c
Event: 14.692 Thread 0x000001ebfe0d1710 Uncommon trap: reason=bimorphic_or_optimized_type_check action=maybe_recompile pc=0x000001ebad0ee16c method=java.beans.PropertyChangeSupport.firePropertyChange(Ljava/beans/PropertyChangeEvent;)V @ 20 c2
Event: 14.692 Thread 0x000001ebfe0d1710 DEOPT PACKING pc=0x000001ebad0ee16c sp=0x000000c45c2fd470
Event: 14.692 Thread 0x000001ebfe0d1710 DEOPT UNPACKING pc=0x000001ebac9c7982 sp=0x000000c45c2fd328 mode 2
Event: 14.692 Thread 0x000001ebfe0d1710 Uncommon trap: trap_request=0xffffffde fr.pc=0x000001ebad139364 relative=0x00000000000011e4
Event: 14.692 Thread 0x000001ebfe0d1710 Uncommon trap: reason=class_check action=maybe_recompile pc=0x000001ebad139364 method=java.awt.EventQueue.dispatchEventImpl(Ljava/awt/AWTEvent;Ljava/lang/Object;)V @ 18 c2
Event: 14.692 Thread 0x000001ebfe0d1710 DEOPT PACKING pc=0x000001ebad139364 sp=0x000000c45c2ff010
Event: 14.692 Thread 0x000001ebfe0d1710 DEOPT UNPACKING pc=0x000001ebac9c7982 sp=0x000000c45c2fed38 mode 2
Event: 14.692 Thread 0x000001ebfe0d1710 Uncommon trap: trap_request=0xffffffde fr.pc=0x000001ebad139364 relative=0x00000000000011e4
Event: 14.692 Thread 0x000001ebfe0d1710 Uncommon trap: reason=class_check action=maybe_recompile pc=0x000001ebad139364 method=java.awt.EventQueue.dispatchEventImpl(Ljava/awt/AWTEvent;Ljava/lang/Object;)V @ 18 c2
Event: 14.692 Thread 0x000001ebfe0d1710 DEOPT PACKING pc=0x000001ebad139364 sp=0x000000c45c2ff010
Event: 14.692 Thread 0x000001ebfe0d1710 DEOPT UNPACKING pc=0x000001ebac9c7982 sp=0x000000c45c2fed38 mode 2
Event: 14.692 Thread 0x000001ebfe0d1710 Uncommon trap: trap_request=0xffffff45 fr.pc=0x000001ebad157858 relative=0x0000000000000db8
Event: 14.692 Thread 0x000001ebfe0d1710 Uncommon trap: reason=unstable_if action=reinterpret pc=0x000001ebad157858 method=java.awt.EventQueue.getNextEventPrivate()Ljava/awt/AWTEvent; @ 3 c2
Event: 14.692 Thread 0x000001ebfe0d1710 DEOPT PACKING pc=0x000001ebad157858 sp=0x000000c45c2ff010
Event: 14.692 Thread 0x000001ebfe0d1710 DEOPT UNPACKING pc=0x000001ebac9c7982 sp=0x000000c45c2fef70 mode 2

Classes loaded (20 events):
Event: 8.427 Loading class java/util/Vector$1
Event: 8.427 Loading class java/util/Vector$1 done
Event: 8.428 Loading class sun/awt/geom/Edge
Event: 8.428 Loading class sun/awt/geom/Edge done
Event: 8.428 Loading class java/lang/FdLibm$Acos
Event: 8.428 Loading class java/lang/FdLibm$Acos done
Event: 8.428 Loading class java/lang/FdLibm
Event: 8.429 Loading class java/lang/FdLibm done
Event: 8.429 Loading class java/awt/geom/QuadCurve2D
Event: 8.429 Loading class java/awt/geom/QuadCurve2D done
Event: 8.430 Loading class java/awt/geom/RectIterator
Event: 8.430 Loading class java/awt/geom/RectIterator done
Event: 8.430 Loading class sun/awt/geom/AreaOp$NZWindOp
Event: 8.430 Loading class sun/awt/geom/AreaOp$NZWindOp done
Event: 8.431 Loading class sun/awt/geom/AreaOp$SubOp
Event: 8.431 Loading class sun/awt/geom/AreaOp$CAGOp
Event: 8.431 Loading class sun/awt/geom/AreaOp$CAGOp done
Event: 8.431 Loading class sun/awt/geom/AreaOp$SubOp done
Event: 8.432 Loading class java/awt/geom/AreaIterator
Event: 8.432 Loading class java/awt/geom/AreaIterator done

Classes unloaded (0 events):
No events

Classes redefined (0 events):
No events

Internal exceptions (20 events):
Event: 2.919 Thread 0x000001eb9aa898f0 Exception <a 'java/lang/ClassNotFoundException'{0x00000000c6adc628}: PasswordField> (0x00000000c6adc628) 
thrown [s\open\src\hotspot\share\classfile\systemDictionary.cpp, line 313]
Event: 2.919 Thread 0x000001eb9aa898f0 Exception <a 'java/lang/ClassNotFoundException'{0x00000000c6adcaf8}: TextArea> (0x00000000c6adcaf8) 
thrown [s\open\src\hotspot\share\classfile\systemDictionary.cpp, line 313]
Event: 2.920 Thread 0x000001eb9aa898f0 Exception <a 'java/lang/ClassNotFoundException'{0x00000000c6add2b8}: TextPane> (0x00000000c6add2b8) 
thrown [s\open\src\hotspot\share\classfile\systemDictionary.cpp, line 313]
Event: 2.920 Thread 0x000001eb9aa898f0 Exception <a 'java/lang/ClassNotFoundException'{0x00000000c6add720}: EditorPane> (0x00000000c6add720) 
thrown [s\open\src\hotspot\share\classfile\systemDictionary.cpp, line 313]
Event: 2.921 Thread 0x000001eb9aa898f0 Exception <a 'java/lang/ClassNotFoundException'{0x00000000c6ade080}: ToolBar> (0x00000000c6ade080) 
thrown [s\open\src\hotspot\share\classfile\systemDictionary.cpp, line 313]
Event: 2.921 Thread 0x000001eb9aa898f0 Exception <a 'java/lang/ClassNotFoundException'{0x00000000c6ade578}: ToolBar> (0x00000000c6ade578) 
thrown [s\open\src\hotspot\share\classfile\systemDictionary.cpp, line 313]
Event: 2.921 Thread 0x000001eb9aa898f0 Exception <a 'java/lang/ClassNotFoundException'{0x00000000c6ade8d8}: Button> (0x00000000c6ade8d8) 
thrown [s\open\src\hotspot\share\classfile\systemDictionary.cpp, line 313]
Event: 2.921 Thread 0x000001eb9aa898f0 Exception <a 'java/lang/ClassNotFoundException'{0x00000000c6adeda0}: ToolBar> (0x00000000c6adeda0) 
thrown [s\open\src\hotspot\share\classfile\systemDictionary.cpp, line 313]
Event: 2.921 Thread 0x000001eb9aa898f0 Exception <a 'java/lang/ClassNotFoundException'{0x00000000c6adf110}: ToggleButton> (0x00000000c6adf110) 
thrown [s\open\src\hotspot\share\classfile\systemDictionary.cpp, line 313]
Event: 2.921 Thread 0x000001eb9aa898f0 Exception <a 'java/lang/ClassNotFoundException'{0x00000000c6adf550}: javax/swing/JToolBarSeparator> (0x00000000c6adf550) 
thrown [s\open\src\hotspot\share\classfile\systemDictionary.cpp, line 313]
Event: 2.921 Thread 0x000001eb9aa898f0 Exception <a 'java/lang/ClassNotFoundException'{0x00000000c6adf860}: ToolBarSeparator> (0x00000000c6adf860) 
thrown [s\open\src\hotspot\share\classfile\systemDictionary.cpp, line 313]
Event: 2.921 Thread 0x000001eb9aa898f0 Exception <a 'java/lang/ClassNotFoundException'{0x00000000c6adfcf0}: ToolTip> (0x00000000c6adfcf0) 
thrown [s\open\src\hotspot\share\classfile\systemDictionary.cpp, line 313]
Event: 2.923 Thread 0x000001eb9aa898f0 Exception <a 'java/lang/ClassNotFoundException'{0x00000000c6ae0610}: Tree> (0x00000000c6ae0610) 
thrown [s\open\src\hotspot\share\classfile\systemDictionary.cpp, line 313]
Event: 2.923 Thread 0x000001eb9aa898f0 Exception <a 'java/lang/ClassNotFoundException'{0x00000000c6ae0b08}: Tree> (0x00000000c6ae0b08) 
thrown [s\open\src\hotspot\share\classfile\systemDictionary.cpp, line 313]
Event: 2.923 Thread 0x000001eb9aa898f0 Exception <a 'java/lang/ClassNotFoundException'{0x00000000c6ae0e78}: javax/swing/JTreeCell> (0x00000000c6ae0e78) 
thrown [s\open\src\hotspot\share\classfile\systemDictionary.cpp, line 313]
Event: 2.923 Thread 0x000001eb9aa898f0 Exception <a 'java/lang/ClassNotFoundException'{0x00000000c6ae1180}: TreeCell> (0x00000000c6ae1180) 
thrown [s\open\src\hotspot\share\classfile\systemDictionary.cpp, line 313]
Event: 2.923 Thread 0x000001eb9aa898f0 Exception <a 'java/lang/ClassNotFoundException'{0x00000000c6ae1778}: RootPane> (0x00000000c6ae1778) 
thrown [s\open\src\hotspot\share\classfile\systemDictionary.cpp, line 313]
Event: 2.968 Thread 0x000001eb9aa898f0 Exception <a 'java/lang/ClassNotFoundException'{0x00000000c6996430}: com/sun/swing/internal/plaf/synth/resources/spi/synthProvider> (0x00000000c6996430) 
thrown [s\open\src\hotspot\share\classfile\systemDictionary.cpp, line 313]
Event: 8.346 Thread 0x000001ebfe0d1710 Implicit null exception at 0x000001ebad004abb to 0x000001ebad005a98
Event: 14.690 Thread 0x000001ebfe0d1710 Implicit null exception at 0x000001ebad03e158 to 0x000001ebad03e2e4

VM Operations (20 events):
Event: 2.930 Executing VM operation: HandshakeAllThreads (Deoptimize)
Event: 2.931 Executing VM operation: HandshakeAllThreads (Deoptimize) done
Event: 4.828 Executing VM operation: G1CollectForAllocation (G1 Evacuation Pause)
Event: 4.833 Executing VM operation: G1CollectForAllocation (G1 Evacuation Pause) done
Event: 6.239 Executing VM operation: G1CollectForAllocation (G1 Evacuation Pause)
Event: 6.243 Executing VM operation: G1CollectForAllocation (G1 Evacuation Pause) done
Event: 7.835 Executing VM operation: G1CollectForAllocation (G1 Evacuation Pause)
Event: 7.847 Executing VM operation: G1CollectForAllocation (G1 Evacuation Pause) done
Event: 9.730 Executing VM operation: G1CollectForAllocation (G1 Evacuation Pause)
Event: 9.736 Executing VM operation: G1CollectForAllocation (G1 Evacuation Pause) done
Event: 11.161 Executing VM operation: G1CollectForAllocation (G1 Evacuation Pause)
Event: 11.165 Executing VM operation: G1CollectForAllocation (G1 Evacuation Pause) done
Event: 12.748 Executing VM operation: G1CollectForAllocation (G1 Evacuation Pause)
Event: 12.753 Executing VM operation: G1CollectForAllocation (G1 Evacuation Pause) done
Event: 14.088 Executing VM operation: G1CollectForAllocation (G1 Evacuation Pause)
Event: 14.091 Executing VM operation: G1CollectForAllocation (G1 Evacuation Pause) done
Event: 60.216 Executing VM operation: HandshakeAllThreads (HandshakeForDeflation)
Event: 60.219 Executing VM operation: HandshakeAllThreads (HandshakeForDeflation) done
Event: 60.219 Executing VM operation: RendezvousGCThreads
Event: 60.219 Executing VM operation: RendezvousGCThreads done

Memory protections (0 events):
No events

Nmethod flushes (0 events):
No events

Events (20 events):
Event: 0.061 Thread 0x000001eb9aa898f0 Thread added: 0x000001ebb7be33b0
Event: 0.061 Thread 0x000001eb9aa898f0 Thread added: 0x000001ebb7be4230
Event: 0.062 Thread 0x000001eb9aa898f0 Thread added: 0x000001ebb7c104c0
Event: 0.139 Thread 0x000001eb9aa898f0 Thread added: 0x000001ebfd0c6410
Event: 0.144 Thread 0x000001eb9aa898f0 Thread added: 0x000001ebfd0d0f80
Event: 0.516 Thread 0x000001eb9aa898f0 Thread added: 0x000001ebfd566fe0
Event: 0.519 Thread 0x000001eb9aa898f0 Thread added: 0x000001ebfd569e60
Event: 0.521 Thread 0x000001eb9aa898f0 Thread added: 0x000001ebfd56a4d0
Event: 1.402 Thread 0x000001eb9aa898f0 Thread added: 0x000001ebfe34c010
Event: 1.434 Thread 0x000001ebfe34c010 Thread added: 0x000001ebfe0d1710
Event: 1.961 Thread 0x000001eb9aa898f0 Thread added: 0x000001ebfe103f70
Event: 3.035 Thread 0x000001eb9aa898f0 Thread exited: 0x000001eb9aa898f0
Event: 3.035 Thread 0x000001eb9aa898f0 Thread added: 0x000001eb9aa898f0
Event: 3.799 Thread 0x000001ebb7c104c0 Thread added: 0x000001ebfeb09930
Event: 7.217 Thread 0x000001ebfe103f70 Thread exited: 0x000001ebfe103f70
Event: 8.466 Thread 0x000001ebfeb09930 Thread exited: 0x000001ebfeb09930
Event: 10.268 Thread 0x000001ebb7be4230 Thread added: 0x000001eb80291010
Event: 11.408 Thread 0x000001eb80291010 Thread exited: 0x000001eb80291010
Event: 12.395 Thread 0x000001ebb7be4230 Thread added: 0x000001ebfd9cceb0
Event: 13.676 Thread 0x000001ebfd9cceb0 Thread exited: 0x000001ebfd9cceb0


Dynamic libraries:
0x00007ff7a9d30000 - 0x00007ff7a9d40000 	C:\Program Files\Java\jdk-23\bin\java.exe
0x00007ffad7c80000 - 0x00007ffad7ee0000 	C:\WINDOWS\SYSTEM32\ntdll.dll
0x00007ffad6870000 - 0x00007ffad6937000 	C:\WINDOWS\System32\KERNEL32.DLL
0x00007ffad4e60000 - 0x00007ffad522a000 	C:\WINDOWS\System32\KERNELBASE.dll
0x00007ffad55c0000 - 0x00007ffad570b000 	C:\WINDOWS\System32\ucrtbase.dll
0x00007ffab90b0000 - 0x00007ffab90c7000 	C:\Program Files\Java\jdk-23\bin\jli.dll
0x00007ffad6430000 - 0x00007ffad65fc000 	C:\WINDOWS\System32\USER32.dll
0x00007ffad5590000 - 0x00007ffad55b7000 	C:\WINDOWS\System32\win32u.dll
0x00007ffad6c30000 - 0x00007ffad6c5a000 	C:\WINDOWS\System32\GDI32.dll
0x00007ffad52e0000 - 0x00007ffad5411000 	C:\WINDOWS\System32\gdi32full.dll
0x00007ffad5230000 - 0x00007ffad52d3000 	C:\WINDOWS\System32\msvcp_win.dll
0x00007ffab8fe0000 - 0x00007ffab8ffb000 	C:\Program Files\Java\jdk-23\bin\VCRUNTIME140.dll
0x00007ffac1ef0000 - 0x00007ffac2187000 	C:\WINDOWS\WinSxS\amd64_microsoft.windows.common-controls_6595b64144ccf1df_6.0.26100.3624_none_3e086962e3345f24\COMCTL32.dll
0x00007ffad75a0000 - 0x00007ffad7649000 	C:\WINDOWS\System32\msvcrt.dll
0x00007ffad5a80000 - 0x00007ffad5aaf000 	C:\WINDOWS\System32\IMM32.DLL
0x00007ffac8220000 - 0x00007ffac822c000 	C:\Program Files\Java\jdk-23\bin\vcruntime140_1.dll
0x00007ffa8e8a0000 - 0x00007ffa8e92e000 	C:\Program Files\Java\jdk-23\bin\msvcp140.dll
0x00007ffa826f0000 - 0x00007ffa8343f000 	C:\Program Files\Java\jdk-23\bin\server\jvm.dll
0x00007ffad74e0000 - 0x00007ffad7592000 	C:\WINDOWS\System32\ADVAPI32.dll
0x00007ffad6670000 - 0x00007ffad6716000 	C:\WINDOWS\System32\sechost.dll
0x00007ffad6ff0000 - 0x00007ffad7106000 	C:\WINDOWS\System32\RPCRT4.dll
0x00007ffad7140000 - 0x00007ffad71b4000 	C:\WINDOWS\System32\WS2_32.dll
0x00007ffad4cd0000 - 0x00007ffad4d2e000 	C:\WINDOWS\SYSTEM32\POWRPROF.dll
0x00007ffac6530000 - 0x00007ffac653b000 	C:\WINDOWS\SYSTEM32\VERSION.dll
0x00007ffac0060000 - 0x00007ffac0096000 	C:\WINDOWS\SYSTEM32\WINMM.dll
0x00007ffad4cb0000 - 0x00007ffad4cc4000 	C:\WINDOWS\SYSTEM32\UMPDC.dll
0x00007ffad3c70000 - 0x00007ffad3c8a000 	C:\WINDOWS\SYSTEM32\kernel.appcore.dll
0x00007ffac6680000 - 0x00007ffac668a000 	C:\Program Files\Java\jdk-23\bin\jimage.dll
0x00007ffad25b0000 - 0x00007ffad27f1000 	C:\WINDOWS\SYSTEM32\DBGHELP.DLL
0x00007ffad6c60000 - 0x00007ffad6fe2000 	C:\WINDOWS\System32\combase.dll
0x00007ffad61f0000 - 0x00007ffad62c6000 	C:\WINDOWS\System32\OLEAUT32.dll
0x00007ffab8aa0000 - 0x00007ffab8ad9000 	C:\WINDOWS\SYSTEM32\dbgcore.DLL
0x00007ffad5710000 - 0x00007ffad57a9000 	C:\WINDOWS\System32\bcryptPrimitives.dll
0x00007ffab0aa0000 - 0x00007ffab0abe000 	C:\Program Files\Java\jdk-23\bin\java.dll
0x00007ffad6a30000 - 0x00007ffad6bc6000 	C:\WINDOWS\System32\ole32.dll
0x00007ffad5ac0000 - 0x00007ffad61e9000 	C:\WINDOWS\System32\SHELL32.dll
0x00007ffad5420000 - 0x00007ffad5588000 	C:\WINDOWS\System32\wintypes.dll
0x00007ffad2b40000 - 0x00007ffad3392000 	C:\WINDOWS\SYSTEM32\windows.storage.dll
0x00007ffad6940000 - 0x00007ffad6a2d000 	C:\WINDOWS\System32\SHCORE.dll
0x00007ffad6600000 - 0x00007ffad6664000 	C:\WINDOWS\System32\shlwapi.dll
0x00007ffad4d70000 - 0x00007ffad4d9f000 	C:\WINDOWS\SYSTEM32\profapi.dll
0x00007ffa8d800000 - 0x00007ffa8d8d7000 	C:\Program Files\Java\jdk-23\bin\jsvml.dll
0x00007ffac60c0000 - 0x00007ffac60d0000 	C:\Program Files\Java\jdk-23\bin\net.dll
0x00007ffad4190000 - 0x00007ffad41fa000 	C:\WINDOWS\system32\mswsock.dll
0x00007ffaac9b0000 - 0x00007ffaac9c6000 	C:\Program Files\Java\jdk-23\bin\nio.dll
0x00007ffaac8c0000 - 0x00007ffaac8d7000 	C:\Program Files\Java\jdk-23\bin\zip.dll
0x00007ffa7e1d0000 - 0x00007ffa7e35e000 	C:\Program Files\Java\jdk-23\bin\awt.dll
0x00007ffad1a80000 - 0x00007ffad1b1c000 	C:\WINDOWS\SYSTEM32\apphelp.dll
0x00007ffad1c70000 - 0x00007ffad1d1e000 	C:\WINDOWS\system32\uxtheme.dll
0x00007ffad62d0000 - 0x00007ffad642d000 	C:\WINDOWS\System32\MSCTF.dll
0x00007ffad2000000 - 0x00007ffad2036000 	C:\WINDOWS\system32\DWMAPI.DLL
0x00007ffa8ec10000 - 0x00007ffa8ec97000 	C:\Program Files\Java\jdk-23\bin\freetype.dll
0x00007ffa83d50000 - 0x00007ffa83e27000 	C:\Program Files\Java\jdk-23\bin\fontmanager.dll
0x00007ffac4da0000 - 0x00007ffac4eac000 	C:\WINDOWS\system32\opengl32.dll
0x00007ffac8610000 - 0x00007ffac863d000 	C:\WINDOWS\SYSTEM32\GLU32.dll
0x00007ffad1dc0000 - 0x00007ffad1e07000 	C:\WINDOWS\SYSTEM32\dxcore.dll
0x00007ffac19e0000 - 0x00007ffac19e6000 	C:\Users\Lenovo\AppData\Local\Temp\flatlaf.temp\flatlaf-windows-x86_64-12133349604553000.dll
0x00007ffad4430000 - 0x00007ffad444c000 	C:\WINDOWS\SYSTEM32\CRYPTSP.dll
0x00007ffad3bd0000 - 0x00007ffad3c0a000 	C:\WINDOWS\system32\rsaenh.dll
0x00007ffad4230000 - 0x00007ffad425b000 	C:\WINDOWS\SYSTEM32\USERENV.dll
0x00007ffad4d40000 - 0x00007ffad4d66000 	C:\WINDOWS\SYSTEM32\bcrypt.dll
0x00007ffad4450000 - 0x00007ffad445c000 	C:\WINDOWS\SYSTEM32\CRYPTBASE.dll
0x00007ffad36a0000 - 0x00007ffad36d3000 	C:\WINDOWS\SYSTEM32\IPHLPAPI.DLL
0x00007ffad7c00000 - 0x00007ffad7c0a000 	C:\WINDOWS\System32\NSI.dll
0x00007ffac6090000 - 0x00007ffac60a0000 	C:\Program Files\Java\jdk-23\bin\verify.dll
0x00007ffad7250000 - 0x00007ffad72f8000 	C:\WINDOWS\System32\clbcatq.dll
0x00007ffad02d0000 - 0x00007ffad04fe000 	C:\WINDOWS\SYSTEM32\WindowsCodecs.dll
0x00007ffaba830000 - 0x00007ffaba88a000 	C:\WINDOWS\system32\dataexchange.dll
0x00007ffac7590000 - 0x00007ffac77cb000 	C:\WINDOWS\system32\twinapi.appcore.dll
0x00007ffac2940000 - 0x00007ffac2947000 	C:\Program Files\Java\jdk-23\bin\jawt.dll
0x00007ffac5ae0000 - 0x00007ffac5c29000 	C:\WINDOWS\SYSTEM32\textinputframework.dll
0x00007ffad16b0000 - 0x00007ffad17d6000 	C:\WINDOWS\SYSTEM32\CoreMessaging.dll
0x00007ffacd880000 - 0x00007ffacdb63000 	C:\WINDOWS\SYSTEM32\CoreUIComponents.dll

dbghelp: loaded successfully - version: 4.0.5 - missing functions: none
symbol engine: initialized successfully - sym options: 0x614 - pdb path: .;C:\Program Files\Java\jdk-23\bin;C:\WINDOWS\SYSTEM32;C:\WINDOWS\WinSxS\amd64_microsoft.windows.common-controls_6595b64144ccf1df_6.0.26100.3624_none_3e086962e3345f24;C:\Program Files\Java\jdk-23\bin\server;C:\Users\Lenovo\AppData\Local\Temp\flatlaf.temp

VM Arguments:
jvm_args: --enable-preview 
java_command: Vista.Login
java_class_path (initial): C:\Users\Lenovo\Documents\NetBeansProjects\prueba16-2-25\target\classes;C:\Users\Lenovo\.m2\repository\com\mysql\mysql-connector-j\9.1.0\mysql-connector-j-9.1.0.jar;C:\Users\Lenovo\.m2\repository\com\google\protobuf\protobuf-java\4.26.1\protobuf-java-4.26.1.jar;C:\Users\Lenovo\.m2\repository\com\sparkjava\spark-core\2.5.4\spark-core-2.5.4.jar;C:\Users\Lenovo\.m2\repository\org\slf4j\slf4j-api\1.7.13\slf4j-api-1.7.13.jar;C:\Users\Lenovo\.m2\repository\org\eclipse\jetty\jetty-server\9.3.6.v20151106\jetty-server-9.3.6.v20151106.jar;C:\Users\Lenovo\.m2\repository\javax\servlet\javax.servlet-api\3.1.0\javax.servlet-api-3.1.0.jar;C:\Users\Lenovo\.m2\repository\org\eclipse\jetty\jetty-http\9.3.6.v20151106\jetty-http-9.3.6.v20151106.jar;C:\Users\Lenovo\.m2\repository\org\eclipse\jetty\jetty-util\9.3.6.v20151106\jetty-util-9.3.6.v20151106.jar;C:\Users\Lenovo\.m2\repository\org\eclipse\jetty\jetty-io\9.3.6.v20151106\jetty-io-9.3.6.v20151106.jar;C:\Users\Lenovo\.m2\repository\org\eclipse\jetty\jetty-webapp\9.3.6.v20151106\jetty-webapp-9.3.6.v20151106.jar;C:\Users\Lenovo\.m2\repository\org\eclipse\jetty\jetty-xml\9.3.6.v20151106\jetty-xml-9.3.6.v20151106.jar;C:\Users\Lenovo\.m2\repository\org\eclipse\jetty\jetty-servlet\9.3.6.v20151106\jetty-servlet-9.3.6.v20151106.jar;C:\Users\Lenovo\.m2\repository\org\eclipse\jetty\jetty-security\9.3.6.v20151106\jetty-security-9.3.6.v20151106.jar;C:\Users\Lenovo\.m2\repository\org\eclipse\jetty\websocket\websocket-server\9.3.6.v20151106\websocket-server-9.3.6.v20151106.jar;C:\Users\Lenovo\.m2\repository\org\eclipse\jetty\websocket\websocket-common\9.3.6.v20151106\websocket-common-9.3.6.v20151106.jar;C:\Users\Lenovo\.m2\repository\org\eclipse\jetty\websocket\websocket-client\9.3.6.v20151106\websocket-client-9.3.6.v20151106.jar;C:\Users\Lenovo\.m2\repository\org\eclipse\jetty\websocket\websocket-servlet\9.3.6.v20151106\websocket-servlet-9.3.6.v20151106.jar;C:\Users\Lenovo\.m2\repository\org\eclipse\jetty\websocket\websocket-api\9.3.6.v20151106\websocket-api-9.3.6.v20151106.jar;C:\Users\Lenovo\.m2\repository\com\formdev\flatlaf-intellij-themes\3.5.4\flatlaf-intellij-themes-3.5.4.jar;C:\Users\Lenovo\.m2\repository\com\toedter\jcalendar\1.4\jcalendar-1.4.jar;C:\Users\Lenovo\.m2\repository\net\sf\jasperreports\jasperreports\6.20.0\jasperreports-6.20.0.jar;C:\Users\Lenovo\.m2\repository\commons-beanutils\commons-beanutils\1.9.4\commons-beanutils-1.9.4.jar;C:\Users\Lenovo\.m2\repository\commons-digester\commons-digester\2.1\commons-digester-2.1.jar;C:\Users\Lenovo\.m2\repository\commons-logging\commons-logging\1.1.1\commons-logging-1.1.1.jar;C:\Users\Lenovo\.m2\repository\org\apache\commons\commons-collections4\4.2\commons-collections4-4.2.jar;C:\Users\Lenovo\.m2\repository\com\lowagie\itext\2.1.7.js10\itext-2.1.7.js10.jar;C:\Users\Lenovo\.m2\repository\org\bouncycastle\bcprov-jdk15on\1.70\bcprov-jdk15on-1.70.jar;C:\Users\Lenovo\.m2\repository\org\bouncycastle\bcutil-jdk15on\1.70\bcutil-jdk15on-1.70.jar;C:\Users\Lenovo\.m2\repository\org\jfree\jcommon\1.0.23\jcommon-1.0.23.jar;C:\Users\Lenovo\.m2\repository\org\jfree\jfreechart\1.0.19\jfreechart-1.0.19.jar;C:\Users\Lenovo\.m2\repository\org\eclipse\jdt\ecj\3.21.0\ecj-3.21.0.jar;C:\Users\Lenovo\.m2\repository\com\fasterxml\jackson\core\jackson-core\2.13.3\jackson-core-2.13.3.jar;C:\Users\Lenovo\.m2\repository\com\fasterxml\jackson\core\jackson-databind\2.13.3\jackson-databind-2.13.3.jar;C:\Users\Lenovo\.m2\repository\com\fasterxml\jackson\core\jackson-annotations\2.13.3\jackson-annotations-2.13.3.jar;C:\Users\Lenovo\.m2\repository\com\fasterxml\jackson\dataformat\jackson-dataformat-xml\2.13.3\jackson-dataformat-xml-2.13.3.jar;C:\Users\Lenovo\.m2\repository\org\codehaus\woodstox\stax2-api\4.2.1\stax2-api-4.2.1.jar;C:\Users\Lenovo\.m2\repository\com\fasterxml\woodstox\woodstox-core\6.2.7\woodstox-core-6.2.7.jar;C:\Users\Lenovo\.m2\repository\org\netbeans\external\AbsoluteLayout\RELEASE90\AbsoluteLayout-RELEASE90.jar;C:\Users\Lenovo\.m2\repository\com\formdev\flatlaf\3.5.4\flatlaf-3.5.4.jar;C:\Users\Lenovo\.m2\repository\RSMaterialComponents\RSMaterialComponents\3.0\RSMaterialComponents-3.0.jar;C:\Users\Lenovo\.m2\repository\com\sun\mail\javax.mail\1.6.2\javax.mail-1.6.2.jar;C:\Users\Lenovo\.m2\repository\javax\activation\activation\1.1\activation-1.1.jar;C:\Users\Lenovo\.m2\repository\org\fugerit\java\fj-core\8.6.2\fj-core-8.6.2.jar;C:\Users\Lenovo\.m2\repository\org\apache\commons\commons-dbcp2\2.12.0\commons-dbcp2-2.12.0.jar;C:\Users\Lenovo\.m2\repository\org\apache\commons\commons-pool2\2.12.0\commons-pool2-2.12.0.jar;C:\Users\Lenovo\.m2\repository\jakarta\transaction\jakarta.transaction-api\1.3.3\jakarta.transaction-api-1.3.3.jar;C:\Users\Lenovo\.m2\repository\org\apache\maven\plugins\maven-compiler-plugin\3.11.0\maven-compiler-plugin-3.11.0.jar;C:\Users\Lenovo\.m2\repository\org\codehaus\plexus\plexus-compiler-api\2.13.0\plexus-compiler-api-2.13.0.jar;C:\Users\Lenovo\.m2\repository\org\codehaus\plexus\plexus-compiler-javac\2.13.0\plexus-compiler-javac-2.13.0.jar;C:\Users\Lenovo\.m2\repository\org\codehaus\plexus\plexus-component-annotations\2.1.1\plexus-component-annotations-2.1.1.jar;C:\Users\Lenovo\.m2\repository\org\codehaus\mojo\exec-maven-plugin\3.1.0\exec-maven-plugin-3.1.0.jar;C:\Users\Lenovo\.m2\repository\org\codehaus\plexus\plexus-utils\3.4.2\plexus-utils-3.4.2.jar;C:\Users\Lenovo\.m2\repository\org\apache\commons\commons-exec\1.3\commons-exec-1.3.jar;C:\Users\Lenovo\.m2\repository\org\mindrot\jbcrypt\0.4\jbcrypt-0.4.jar;C:\Users\Lenovo\.m2\repository\org\postgresql\postgresql\42.7.3\postgresql-42.7.3.jar;C:\Users\Lenovo\.m2\repository\org\checkerframework\checker-qual\3.42.0\checker-qual-3.42.0.jar;C:\Users\Lenovo\.m2\repository\LIB_IDETS\LIB_IDETS\1.0\LIB_IDETS-1.0.jar;C:\Users\Lenovo\.m2\repository\jasperreports\jasperreports\3.5.1\jasperreports-3.5.1.jar;C:\Users\Lenovo\.m2\repository\commons-collections\commons-collections\2.1\commons-collections-2.1.jar;C:\Users\Lenovo\.m2\repository\jfree\jcommon\1.0.15\jcommon-1.0.15.jar;C:\Users\Lenovo\.m2\repository\jfree\jfreechart\1.0.12\jfreechart-1.0.12.jar;C:\Users\Lenovo\.m2\repository\xml-apis\xml-apis\1.3.02\xml-apis-1.3.02.jar;C:\Users\Lenovo\.m2\repository\eclipse\jdtcore\3.1.0\jdtcore-3.1.0.jar;C:\Users\Lenovo\.m2\repository\itext5-itextpdf\itext5-itextpdf\5.5.12\itext5-itextpdf-5.5.12.jar
Launcher Type: SUN_STANDARD

[Global flags]
     intx CICompilerCount                          = 3                                         {product} {ergonomic}
     uint ConcGCThreads                            = 1                                         {product} {ergonomic}
     uint G1ConcRefinementThreads                  = 4                                         {product} {ergonomic}
   size_t G1HeapRegionSize                         = 1048576                                   {product} {ergonomic}
   size_t InitialHeapSize                          = 65011712                                  {product} {ergonomic}
   size_t MarkStackSize                            = 4194304                                   {product} {ergonomic}
   size_t MarkStackSizeMax                         = 536870912                                 {product} {ergonomic}
   size_t MaxHeapSize                              = 1021313024                                {product} {ergonomic}
   size_t MaxNewSize                               = 612368384                                 {product} {ergonomic}
   size_t MinHeapDeltaBytes                        = 1048576                                   {product} {ergonomic}
   size_t MinHeapSize                              = 8388608                                   {product} {ergonomic}
    uintx NonNMethodCodeHeapSize                   = 5832704                                {pd product} {ergonomic}
    uintx NonProfiledCodeHeapSize                  = 122945536                              {pd product} {ergonomic}
    uintx ProfiledCodeHeapSize                     = 122880000                              {pd product} {ergonomic}
    uintx ReservedCodeCacheSize                    = 251658240                              {pd product} {ergonomic}
     bool SegmentedCodeCache                       = true                                      {product} {ergonomic}
   size_t SoftMaxHeapSize                          = 1021313024                             {manageable} {ergonomic}
     bool UseCompressedOops                        = true                           {product lp64_product} {ergonomic}
     bool UseG1GC                                  = true                                      {product} {ergonomic}
     bool UseLargePagesIndividualAllocation        = false                                  {pd product} {ergonomic}

Logging:
Log output configuration:
 #0: stdout all=warning uptime,level,tags foldmultilines=false
 #1: stderr all=off uptime,level,tags foldmultilines=false

Environment Variables:
JAVA_HOME=C:\Program Files\Java\jdk-23
PATH=C:\Program Files\Common Files\Oracle\Java\javapath;C:\WINDOWS\system32;C:\WINDOWS;C:\WINDOWS\System32\Wbem;C:\WINDOWS\System32\WindowsPowerShell\v1.0\;C:\WINDOWS\System32\OpenSSH\;C:\Program Files\Microsoft SQL Server\150\Tools\Binn\;C:\Program Files\dotnet\;C:\Program Files\MongoDB\Server\8.0\bin;C:\Program Files\MongoDB\mongosh-2.3.3-win32-x64;C:\Program Files\nodejs\;D:\Git\cmd;C:\Users\Lenovo\AppData\Local\Microsoft\WindowsApps;C:\Users\Lenovo\AppData\Local\Programs\Microsoft VS Code\bin;C:\Users\Lenovo\.dotnet\tools;C:\Users\Lenovo\AppData\Local\GitHubDesktop\bin;C:\Program Files\MongoDB\mongosh-2.3.3-win32-x64\bin;C:\Users\Lenovo\AppData\Local\Microsoft\WinGet\Packages\Schniz.fnm_Microsoft.Winget.Source_8wekyb3d8bbwe;C:\Users\Lenovo\AppData\Roaming\npm;C:\Users\Lenovo\AppData\Local\Microsoft\WindowsApps;
USERNAME=Lenovo
OS=Windows_NT
PROCESSOR_IDENTIFIER=Intel64 Family 6 Model 126 Stepping 5, GenuineIntel
TMP=C:\Users\Lenovo\AppData\Local\Temp
TEMP=C:\Users\Lenovo\AppData\Local\Temp




Periodic native trim disabled

---------------  S Y S T E M  ---------------

OS:
 Windows 11 , 64 bit Build 26100 (10.0.26100.3775)
OS uptime: 14 days 1:03 hours

CPU: total 4 (initial active 4) (2 cores per cpu, 2 threads per core) family 6 model 126 stepping 5 microcode 0x86, cx8, cmov, fxsr, ht, mmx, 3dnowpref, sse, sse2, sse3, ssse3, sse4.1, sse4.2, popcnt, lzcnt, tsc, tscinvbit, avx, avx2, aes, erms, clmul, bmi1, bmi2, adx, avx512f, avx512dq, avx512cd, avx512bw, avx512vl, sha, fma, vzeroupper, avx512_vpopcntdq, avx512_vpclmulqdq, avx512_vaes, avx512_vnni, clflush, clflushopt, avx512_vbmi2, avx512_vbmi, rdtscp, rdpid, fsrm, gfni, avx512_bitalg, f16c, pku, avx512_ifma
Processor Information for the first 4 processors :
  Max Mhz: 1190, Current Mhz: 1190, Mhz Limit: 1190

Memory: 4k page, system-wide physical 3891M (297M free)
TotalPageFile size 15667M (AvailPageFile size 0M)
current process WorkingSet (physical memory assigned to process): 15M, peak: 176M
current process commit charge ("private bytes"): 170M, peak: 216M

vm_info: Java HotSpot(TM) 64-Bit Server VM (23.0.1+11-39) for windows-amd64 JRE (23.0.1+11-39), built on 2024-09-30T07:20:43Z with MS VC++ 17.6 (VS2022)

END.
