#
# There is insufficient memory for the Java Runtime Environment to continue.
# Native memory allocation (mmap) failed to map 13631488 bytes. Error detail: G1 virtual space
# Possible reasons:
#   The system is out of physical RAM or swap space
#   This process is running with CompressedOops enabled, and the Java Heap may be blocking the growth of the native heap
# Possible solutions:
#   Reduce memory load on the system
#   Increase physical memory or swap space
#   Check if swap backing store is full
#   Decrease Java heap size (-Xmx/-Xms)
#   Decrease number of Java threads
#   Decrease Java thread stack sizes (-Xss)
#   Set larger code cache with -XX:ReservedCodeCacheSize=
#   JVM is running with Unscaled Compressed Oops mode in which the Java heap is
#     placed in the first 4GB address space. The Java Heap base address is the
#     maximum limit for the native heap growth. Please use -XX:HeapBaseMinAddress
#     to set the Java Heap base and to place the Java Heap above 4GB virtual address.
# This output file may be truncated or incomplete.
#
#  Out of Memory Error (os_windows.cpp:3703), pid=26784, tid=49308
#
# JRE version: Java(TM) SE Runtime Environment (23.0.1+11) (build 23.0.1+11-39)
# Java VM: Java HotSpot(TM) 64-Bit Server VM (23.0.1+11-39, mixed mode, sharing, tiered, compressed oops, compressed class ptrs, g1 gc, windows-amd64)
# No core dump will be written. Minidumps are not enabled by default on client versions of Windows
#

---------------  S U M M A R Y ------------

Command Line: -Dclassworlds.conf=D:\NetBeans-22\netbeans\java\maven\bin\m2.conf -Dmaven.home=D:\NetBeans-22\netbeans\java\maven -Dlibrary.jansi.path=D:\NetBeans-22\netbeans\java\maven\lib\jansi-native -Dmaven.multiModuleProjectDirectory=C:\Users\Lenovo\Documents\NetBeansProjects\prueba16-2-25 org.codehaus.plexus.classworlds.launcher.Launcher -Dexec.vmArgs=--enable-preview -Dexec.args=${exec.vmArgs} -classpath %classpath ${exec.mainClass} ${exec.appArgs} -Dexec.executable=C:\Program Files\Java\jdk-23\bin\java.exe -Dexec.mainClass=Vista.Login -Dexec.classpathScope=runtime -Dexec.appArgs= -Dmaven.ext.class.path=D:\NetBeans-22\netbeans\java\maven-nblib\netbeans-eventspy.jar --no-transfer-progress process-classes org.codehaus.mojo:exec-maven-plugin:3.1.0:exec

Host: Intel(R) Core(TM) i3-1005G1 CPU @ 1.20GHz, 4 cores, 3G,  Windows 11 , 64 bit Build 22621 (10.0.22621.4830)
Time: Fri Mar 21 09:31:41 2025 Hora est. Pacífico, Sudamérica elapsed time: 11.868599 seconds (0d 0h 0m 11s)

---------------  T H R E A D  ---------------

Current thread (0x000001b5ede3afa0):  VMThread "VM Thread"          [id=49308, stack(0x0000005723600000,0x0000005723700000) (1024K)]

Stack: [0x0000005723600000,0x0000005723700000]
Native frames: (J=compiled Java code, j=interpreted, Vv=VM code, C=native code)
V  [jvm.dll+0x6e08b9]  (no source info available)
V  [jvm.dll+0x87dc83]  (no source info available)
V  [jvm.dll+0x88010e]  (no source info available)
V  [jvm.dll+0x8807e3]  (no source info available)
V  [jvm.dll+0x27aee6]  (no source info available)
V  [jvm.dll+0x6dd1c5]  (no source info available)
V  [jvm.dll+0x6d104a]  (no source info available)
V  [jvm.dll+0x35b3ea]  (no source info available)
V  [jvm.dll+0x3637f6]  (no source info available)
V  [jvm.dll+0x34fd5e]  (no source info available)
V  [jvm.dll+0x34fff8]  (no source info available)
V  [jvm.dll+0x3289cc]  (no source info available)
V  [jvm.dll+0x328a5a]  (no source info available)
V  [jvm.dll+0x374c92]  (no source info available)
V  [jvm.dll+0x373392]  (no source info available)
V  [jvm.dll+0x3281a7]  (no source info available)
V  [jvm.dll+0x372b44]  (no source info available)
V  [jvm.dll+0x886720]  (no source info available)
V  [jvm.dll+0x887a47]  (no source info available)
V  [jvm.dll+0x887f78]  (no source info available)
V  [jvm.dll+0x888213]  (no source info available)
V  [jvm.dll+0x824f8b]  (no source info available)
V  [jvm.dll+0x6df065]  (no source info available)
C  [ucrtbase.dll+0x29333]  (no source info available)
C  [KERNEL32.DLL+0x1259d]  (no source info available)
C  [ntdll.dll+0x5af38]  (no source info available)

VM_Operation (0x0000005722ff1cf0): G1CollectForAllocation, mode: safepoint, requested by thread 0x000001b5ebba5eb0


---------------  P R O C E S S  ---------------

Threads class SMR info:
_java_thread_list=0x000001b5d0275890, length=11, elements={
0x000001b5ebba5eb0, 0x000001b5d0130740, 0x000001b5d0131710, 0x000001b5d01366b0,
0x000001b5d0139120, 0x000001b5d0139b80, 0x000001b5d013a5e0, 0x000001b5d013d780,
0x000001b5d0159ba0, 0x000001b5d029ad20, 0x000001b5d029fbb0
}

Java Threads: ( => current thread )
  0x000001b5ebba5eb0 JavaThread "main"                              [_thread_blocked, id=23076, stack(0x0000005722f00000,0x0000005723000000) (1024K)]
  0x000001b5d0130740 JavaThread "Reference Handler"          daemon [_thread_blocked, id=34164, stack(0x0000005723700000,0x0000005723800000) (1024K)]
  0x000001b5d0131710 JavaThread "Finalizer"                  daemon [_thread_blocked, id=32176, stack(0x0000005723800000,0x0000005723900000) (1024K)]
  0x000001b5d01366b0 JavaThread "Signal Dispatcher"          daemon [_thread_blocked, id=54012, stack(0x0000005723900000,0x0000005723a00000) (1024K)]
  0x000001b5d0139120 JavaThread "Attach Listener"            daemon [_thread_blocked, id=29680, stack(0x0000005723a00000,0x0000005723b00000) (1024K)]
  0x000001b5d0139b80 JavaThread "Service Thread"             daemon [_thread_blocked, id=16672, stack(0x0000005723b00000,0x0000005723c00000) (1024K)]
  0x000001b5d013a5e0 JavaThread "Monitor Deflation Thread"   daemon [_thread_blocked, id=53360, stack(0x0000005723c00000,0x0000005723d00000) (1024K)]
  0x000001b5d013d780 JavaThread "C2 CompilerThread0"         daemon [_thread_blocked, id=4292, stack(0x0000005723d00000,0x0000005723e00000) (1024K)]
  0x000001b5d0159ba0 JavaThread "C1 CompilerThread0"         daemon [_thread_blocked, id=15884, stack(0x0000005723e00000,0x0000005723f00000) (1024K)]
  0x000001b5d029ad20 JavaThread "Notification Thread"        daemon [_thread_blocked, id=5388, stack(0x0000005723f00000,0x0000005724000000) (1024K)]
  0x000001b5d029fbb0 JavaThread "Common-Cleaner"             daemon [_thread_blocked, id=35660, stack(0x0000005724000000,0x0000005724100000) (1024K)]
Total: 11

Other Threads:
=>0x000001b5ede3afa0 VMThread "VM Thread"                           [id=49308, stack(0x0000005723600000,0x0000005723700000) (1024K)]
  0x000001b5d011c2c0 WatcherThread "VM Periodic Task Thread"        [id=35192, stack(0x0000005723500000,0x0000005723600000) (1024K)]
  0x000001b5eddb8100 WorkerThread "GC Thread#0"                     [id=24888, stack(0x0000005723000000,0x0000005723100000) (1024K)]
  0x000001b5d0e2a210 WorkerThread "GC Thread#1"                     [id=36256, stack(0x0000005724100000,0x0000005724200000) (1024K)]
  0x000001b5d0e39ae0 WorkerThread "GC Thread#2"                     [id=16784, stack(0x0000005724200000,0x0000005724300000) (1024K)]
  0x000001b5d0e39e90 WorkerThread "GC Thread#3"                     [id=51872, stack(0x0000005724300000,0x0000005724400000) (1024K)]
  0x000001b5eddc31e0 ConcurrentGCThread "G1 Main Marker"            [id=51996, stack(0x0000005723100000,0x0000005723200000) (1024K)]
  0x000001b5eddc3c00 WorkerThread "G1 Conc#0"                       [id=10960, stack(0x0000005723200000,0x0000005723300000) (1024K)]
  0x000001b5ede1b990 ConcurrentGCThread "G1 Refine#0"               [id=17700, stack(0x0000005723300000,0x0000005723400000) (1024K)]
  0x000001b5ede1c5d0 ConcurrentGCThread "G1 Service"                [id=1228, stack(0x0000005723400000,0x0000005723500000) (1024K)]
Total: 10

Threads with active compile tasks:
C2 CompilerThread0  12024 5733       4       com.sun.tools.javac.code.Symbol::complete (30 bytes)
Total: 1

VM state: at safepoint (normal execution)

VM Mutex/Monitor currently owned by a thread:  ([mutex/lock_event])
[0x00007ffdf6833910] Threads_lock - owner thread: 0x000001b5ede3afa0
[0x00007ffdf6833a10] Heap_lock - owner thread: 0x000001b5ebba5eb0

Heap address: 0x00000000c3200000, size: 974 MB, Compressed Oops mode: 32-bit

CDS archive(s) mapped at: [0x000001b58f000000-0x000001b58fd70000-0x000001b58fd70000), size 14090240, SharedBaseAddress: 0x000001b58f000000, ArchiveRelocationMode: 1.
Compressed class space mapped at: 0x000001b590000000-0x000001b5d0000000, reserved size: 1073741824
Narrow klass base: 0x000001b58f000000, Narrow klass shift: 0, Narrow klass range: 0x41000000

GC Precious Log:
 CardTable entry size: 512
 Card Set container configuration: InlinePtr #cards 5 size 8 Array Of Cards #cards 10 size 36 Howl #buckets 4 coarsen threshold 1843 Howl Bitmap #cards 512 size 80 coarsen threshold 460 Card regions per heap region 1 cards per card region 2048
 CPUs: 4 total, 4 available
 Memory: 3891M
 Large Page Support: Disabled
 NUMA Support: Disabled
 Compressed Oops: Enabled (32-bit)
 Heap Region Size: 1M
 Heap Min Capacity: 8M
 Heap Initial Capacity: 62M
 Heap Max Capacity: 974M
 Pre-touch: Disabled
 Parallel Workers: 4
 Concurrent Workers: 1
 Concurrent Refinement Workers: 4
 Periodic GC: Disabled

Heap:
 garbage-first heap   total reserved 997376K, committed 63488K, used 34125K [0x00000000c3200000, 0x0000000100000000)
  region size 1024K, 2 young (2048K), 2 survivors (2048K)
 Metaspace       used 26706K, committed 27008K, reserved 1114112K
  class space    used 3142K, committed 3264K, reserved 1048576K

Heap Regions: E=young(eden), S=young(survivor), O=old, HS=humongous(starts), HC=humongous(continues), CS=collection set, F=free, TAMS=top-at-mark-start, PB=parsable bottom
|   0|0x00000000c3200000, 0x00000000c3300000, 0x00000000c3300000|100%| O|  |TAMS 0x00000000c3300000| PB 0x00000000c3200000| Untracked |  0
|   1|0x00000000c3300000, 0x00000000c3400000, 0x00000000c3400000|100%| O|  |TAMS 0x00000000c3400000| PB 0x00000000c3300000| Untracked |  0
|   2|0x00000000c3400000, 0x00000000c3500000, 0x00000000c3500000|100%| O|  |TAMS 0x00000000c3500000| PB 0x00000000c3400000| Untracked |  0
|   3|0x00000000c3500000, 0x00000000c3600000, 0x00000000c3600000|100%| O|  |TAMS 0x00000000c3600000| PB 0x00000000c3500000| Untracked |  0
|   4|0x00000000c3600000, 0x00000000c3700000, 0x00000000c3700000|100%| O|  |TAMS 0x00000000c3700000| PB 0x00000000c3600000| Untracked |  0
|   5|0x00000000c3700000, 0x00000000c3800000, 0x00000000c3800000|100%| O|  |TAMS 0x00000000c3800000| PB 0x00000000c3700000| Untracked |  0
|   6|0x00000000c3800000, 0x00000000c3900000, 0x00000000c3900000|100%| O|  |TAMS 0x00000000c3800000| PB 0x00000000c3800000| Untracked |  0
|   7|0x00000000c3900000, 0x00000000c3a00000, 0x00000000c3a00000|100%|HS|  |TAMS 0x00000000c3a00000| PB 0x00000000c3900000| Complete |  0
|   8|0x00000000c3a00000, 0x00000000c3b00000, 0x00000000c3b00000|100%|HC|  |TAMS 0x00000000c3b00000| PB 0x00000000c3a00000| Complete |  0
|   9|0x00000000c3b00000, 0x00000000c3c00000, 0x00000000c3c00000|100%|HS|  |TAMS 0x00000000c3c00000| PB 0x00000000c3b00000| Complete |  0
|  10|0x00000000c3c00000, 0x00000000c3d00000, 0x00000000c3d00000|100%|HC|  |TAMS 0x00000000c3d00000| PB 0x00000000c3c00000| Complete |  0
|  11|0x00000000c3d00000, 0x00000000c3e00000, 0x00000000c3e00000|100%| O|  |TAMS 0x00000000c3e00000| PB 0x00000000c3d00000| Untracked |  0
|  12|0x00000000c3e00000, 0x00000000c3f00000, 0x00000000c3f00000|100%| O|  |TAMS 0x00000000c3f00000| PB 0x00000000c3e00000| Untracked |  0
|  13|0x00000000c3f00000, 0x00000000c4000000, 0x00000000c4000000|100%| O|  |TAMS 0x00000000c4000000| PB 0x00000000c3f00000| Untracked |  0
|  14|0x00000000c4000000, 0x00000000c4100000, 0x00000000c4100000|100%| O|  |TAMS 0x00000000c4100000| PB 0x00000000c4000000| Untracked |  0
|  15|0x00000000c4100000, 0x00000000c4200000, 0x00000000c4200000|100%| O|  |TAMS 0x00000000c4200000| PB 0x00000000c4100000| Untracked |  0
|  16|0x00000000c4200000, 0x00000000c4300000, 0x00000000c4300000|100%| O|  |TAMS 0x00000000c4300000| PB 0x00000000c4200000| Untracked |  0
|  17|0x00000000c4300000, 0x00000000c4400000, 0x00000000c4400000|100%| O|  |TAMS 0x00000000c4400000| PB 0x00000000c4300000| Untracked |  0
|  18|0x00000000c4400000, 0x00000000c4500000, 0x00000000c4500000|100%| O|  |TAMS 0x00000000c4500000| PB 0x00000000c4400000| Untracked |  0
|  19|0x00000000c4500000, 0x00000000c4600000, 0x00000000c4600000|100%| O|  |TAMS 0x00000000c4600000| PB 0x00000000c4500000| Untracked |  0
|  20|0x00000000c4600000, 0x00000000c4700000, 0x00000000c4700000|100%| O|  |TAMS 0x00000000c4700000| PB 0x00000000c4600000| Untracked |  0
|  21|0x00000000c4700000, 0x00000000c4800000, 0x00000000c4800000|100%| O|  |TAMS 0x00000000c4800000| PB 0x00000000c4700000| Untracked |  0
|  22|0x00000000c4800000, 0x00000000c4900000, 0x00000000c4900000|100%| O|  |TAMS 0x00000000c4900000| PB 0x00000000c4800000| Untracked |  0
|  23|0x00000000c4900000, 0x00000000c4a00000, 0x00000000c4a00000|100%| O|  |TAMS 0x00000000c4a00000| PB 0x00000000c4900000| Untracked |  0
|  24|0x00000000c4a00000, 0x00000000c4b00000, 0x00000000c4b00000|100%| O|  |TAMS 0x00000000c4b00000| PB 0x00000000c4a00000| Untracked |  0
|  25|0x00000000c4b00000, 0x00000000c4c00000, 0x00000000c4c00000|100%| O|  |TAMS 0x00000000c4c00000| PB 0x00000000c4b00000| Untracked |  0
|  26|0x00000000c4c00000, 0x00000000c4d00000, 0x00000000c4d00000|100%| O|  |TAMS 0x00000000c4d00000| PB 0x00000000c4c00000| Untracked |  0
|  27|0x00000000c4d00000, 0x00000000c4e00000, 0x00000000c4e00000|100%| O|  |TAMS 0x00000000c4d00000| PB 0x00000000c4d00000| Untracked |  0
|  28|0x00000000c4e00000, 0x00000000c4f00000, 0x00000000c4f00000|100%| O|  |TAMS 0x00000000c4e00000| PB 0x00000000c4e00000| Untracked |  0
|  29|0x00000000c4f00000, 0x00000000c4f00000, 0x00000000c5000000|  0%| F|  |TAMS 0x00000000c4f00000| PB 0x00000000c4f00000| Untracked |  0
|  30|0x00000000c5000000, 0x00000000c5000000, 0x00000000c5100000|  0%| F|  |TAMS 0x00000000c5000000| PB 0x00000000c5000000| Untracked |  0
|  31|0x00000000c5100000, 0x00000000c5200000, 0x00000000c5200000|100%| O|  |TAMS 0x00000000c5200000| PB 0x00000000c5100000| Untracked |  0
|  32|0x00000000c5200000, 0x00000000c5300000, 0x00000000c5300000|100%| O|  |TAMS 0x00000000c5300000| PB 0x00000000c5200000| Untracked |  0
|  33|0x00000000c5300000, 0x00000000c5400000, 0x00000000c5400000|100%| O|  |TAMS 0x00000000c53ac2d0| PB 0x00000000c5300000| Untracked |  0
|  34|0x00000000c5400000, 0x00000000c5400000, 0x00000000c5500000|  0%| F|  |TAMS 0x00000000c5400000| PB 0x00000000c5400000| Untracked |  0
|  35|0x00000000c5500000, 0x00000000c5500000, 0x00000000c5600000|  0%| F|  |TAMS 0x00000000c5500000| PB 0x00000000c5500000| Untracked |  0
|  36|0x00000000c5600000, 0x00000000c5600000, 0x00000000c5700000|  0%| F|  |TAMS 0x00000000c5600000| PB 0x00000000c5600000| Untracked |  0
|  37|0x00000000c5700000, 0x00000000c5700000, 0x00000000c5800000|  0%| F|  |TAMS 0x00000000c5700000| PB 0x00000000c5700000| Untracked |  0
|  38|0x00000000c5800000, 0x00000000c5800000, 0x00000000c5900000|  0%| F|  |TAMS 0x00000000c5800000| PB 0x00000000c5800000| Untracked |  0
|  39|0x00000000c5900000, 0x00000000c5900000, 0x00000000c5a00000|  0%| F|  |TAMS 0x00000000c5900000| PB 0x00000000c5900000| Untracked |  0
|  40|0x00000000c5a00000, 0x00000000c5a00000, 0x00000000c5b00000|  0%| F|  |TAMS 0x00000000c5a00000| PB 0x00000000c5a00000| Untracked |  0
|  41|0x00000000c5b00000, 0x00000000c5b00000, 0x00000000c5c00000|  0%| F|  |TAMS 0x00000000c5b00000| PB 0x00000000c5b00000| Untracked |  0
|  42|0x00000000c5c00000, 0x00000000c5c53600, 0x00000000c5d00000| 32%| S|CS|TAMS 0x00000000c5c00000| PB 0x00000000c5c00000| Complete |  0
|  43|0x00000000c5d00000, 0x00000000c5e00000, 0x00000000c5e00000|100%| S|CS|TAMS 0x00000000c5d00000| PB 0x00000000c5d00000| Complete |  0
|  44|0x00000000c5e00000, 0x00000000c5e00000, 0x00000000c5f00000|  0%| F|  |TAMS 0x00000000c5e00000| PB 0x00000000c5e00000| Untracked |  0
|  45|0x00000000c5f00000, 0x00000000c5f00000, 0x00000000c6000000|  0%| F|  |TAMS 0x00000000c5f00000| PB 0x00000000c5f00000| Untracked |  0
|  46|0x00000000c6000000, 0x00000000c6000000, 0x00000000c6100000|  0%| F|  |TAMS 0x00000000c6000000| PB 0x00000000c6000000| Untracked |  0
|  47|0x00000000c6100000, 0x00000000c6100000, 0x00000000c6200000|  0%| F|  |TAMS 0x00000000c6100000| PB 0x00000000c6100000| Untracked |  0
|  48|0x00000000c6200000, 0x00000000c6200000, 0x00000000c6300000|  0%| F|  |TAMS 0x00000000c6200000| PB 0x00000000c6200000| Untracked |  0
|  49|0x00000000c6300000, 0x00000000c6300000, 0x00000000c6400000|  0%| F|  |TAMS 0x00000000c6300000| PB 0x00000000c6300000| Untracked |  0
|  50|0x00000000c6400000, 0x00000000c6400000, 0x00000000c6500000|  0%| F|  |TAMS 0x00000000c6400000| PB 0x00000000c6400000| Untracked |  0
|  51|0x00000000c6500000, 0x00000000c6500000, 0x00000000c6600000|  0%| F|  |TAMS 0x00000000c6500000| PB 0x00000000c6500000| Untracked |  0
|  52|0x00000000c6600000, 0x00000000c6600000, 0x00000000c6700000|  0%| F|  |TAMS 0x00000000c6600000| PB 0x00000000c6600000| Untracked |  0
|  53|0x00000000c6700000, 0x00000000c6700000, 0x00000000c6800000|  0%| F|  |TAMS 0x00000000c6700000| PB 0x00000000c6700000| Untracked |  0
|  54|0x00000000c6800000, 0x00000000c6800000, 0x00000000c6900000|  0%| F|  |TAMS 0x00000000c6800000| PB 0x00000000c6800000| Untracked |  0
|  55|0x00000000c6900000, 0x00000000c6900000, 0x00000000c6a00000|  0%| F|  |TAMS 0x00000000c6900000| PB 0x00000000c6900000| Untracked |  0
|  56|0x00000000c6a00000, 0x00000000c6a00000, 0x00000000c6b00000|  0%| F|  |TAMS 0x00000000c6a00000| PB 0x00000000c6a00000| Untracked |  0
|  57|0x00000000c6b00000, 0x00000000c6b00000, 0x00000000c6c00000|  0%| F|  |TAMS 0x00000000c6b00000| PB 0x00000000c6b00000| Untracked |  0
|  58|0x00000000c6c00000, 0x00000000c6c00000, 0x00000000c6d00000|  0%| F|  |TAMS 0x00000000c6c00000| PB 0x00000000c6c00000| Untracked |  0
|  59|0x00000000c6d00000, 0x00000000c6d00000, 0x00000000c6e00000|  0%| F|  |TAMS 0x00000000c6d00000| PB 0x00000000c6d00000| Untracked |  0
|  60|0x00000000c6e00000, 0x00000000c6e00000, 0x00000000c6f00000|  0%| F|  |TAMS 0x00000000c6e00000| PB 0x00000000c6e00000| Untracked |  0
|  61|0x00000000c6f00000, 0x00000000c6f00000, 0x00000000c7000000|  0%| F|  |TAMS 0x00000000c6f00000| PB 0x00000000c6f00000| Untracked |  0

Card table byte_map: [0x000001b5f66a0000,0x000001b5f6890000] _byte_map_base: 0x000001b5f6087000

Marking Bits: (CMBitMap*) 0x000001b5eddb8720
 Bits: [0x000001b5f6890000, 0x000001b5f77c8000)

Polling page: 0x000001b5ebb50000

Metaspace:

Usage:
  Non-class:     23.01 MB used.
      Class:      3.07 MB used.
       Both:     26.08 MB used.

Virtual space:
  Non-class space:       64.00 MB reserved,      23.19 MB ( 36%) committed,  1 nodes.
      Class space:        1.00 GB reserved,       3.19 MB ( <1%) committed,  1 nodes.
             Both:        1.06 GB reserved,      26.38 MB (  2%) committed. 

Chunk freelists:
   Non-Class:  8.66 MB
       Class:  12.78 MB
        Both:  21.44 MB

MaxMetaspaceSize: unlimited
CompressedClassSpaceSize: 1.00 GB
Initial GC threshold: 21.00 MB
Current GC threshold: 35.12 MB
CDS: on
 - commit_granule_bytes: 65536.
 - commit_granule_words: 8192.
 - virtual_space_node_default_size: 8388608.
 - enlarge_chunks_in_place: 1.
 - use_allocation_guard: 0.


Internal statistics:

num_allocs_failed_limit: 3.
num_arena_births: 248.
num_arena_deaths: 0.
num_vsnodes_births: 2.
num_vsnodes_deaths: 0.
num_space_committed: 422.
num_space_uncommitted: 0.
num_chunks_returned_to_freelist: 3.
num_chunks_taken_from_freelist: 1151.
num_chunk_merges: 3.
num_chunk_splits: 842.
num_chunks_enlarged: 686.
num_inconsistent_stats: 0.

CodeHeap 'non-profiled nmethods': size=120064Kb used=1902Kb max_used=1902Kb free=118161Kb
 bounds [0x000001b587ac0000, 0x000001b587d30000, 0x000001b58f000000]
CodeHeap 'profiled nmethods': size=120000Kb used=10322Kb max_used=10322Kb free=109677Kb
 bounds [0x000001b580000000, 0x000001b580a20000, 0x000001b587530000]
CodeHeap 'non-nmethods': size=5696Kb used=1581Kb max_used=1623Kb free=4114Kb
 bounds [0x000001b587530000, 0x000001b5877a0000, 0x000001b587ac0000]
CodeCache: size=245760Kb, used=13805Kb, max_used=13847Kb, free=231952Kb
 total_blobs=6796, nmethods=6246, adapters=455, full_count=0
Compilation: enabled, stopped_count=0, restarted_count=0

Compilation events (20 events):
Event: 11.821 Thread 0x000001b5d0159ba0 6288       3       com.sun.tools.javac.tree.TreeScanner::visitApply (25 bytes)
Event: 11.822 Thread 0x000001b5d0159ba0 nmethod 6288 0x000001b580a10608 code [0x000001b580a107a0, 0x000001b580a11298]
Event: 11.825 Thread 0x000001b5d0159ba0 6289       2       java.lang.Enum::getDeclaringClass (22 bytes)
Event: 11.825 Thread 0x000001b5d0159ba0 nmethod 6289 0x000001b580a11308 code [0x000001b580a11420, 0x000001b580a11578]
Event: 11.826 Thread 0x000001b5d0159ba0 6290       3       com.sun.tools.javac.comp.Resolve$MethodResolutionContext::<init> (45 bytes)
Event: 11.826 Thread 0x000001b5d0159ba0 nmethod 6290 0x000001b580a11608 code [0x000001b580a11740, 0x000001b580a11ad0]
Event: 11.828 Thread 0x000001b5d0159ba0 6291       3       com.sun.tools.javac.util.JCDiagnostic$Factory::create (23 bytes)
Event: 11.829 Thread 0x000001b5d0159ba0 nmethod 6291 0x000001b580a11b08 code [0x000001b580a11c40, 0x000001b580a11e88]
Event: 11.840 Thread 0x000001b5d0159ba0 6292       2       com.sun.tools.javac.comp.DeferredAttr$DeferredTypeMap::typeOf (85 bytes)
Event: 11.840 Thread 0x000001b5d0159ba0 nmethod 6292 0x000001b580a11f08 code [0x000001b580a12060, 0x000001b580a122e0]
Event: 11.842 Thread 0x000001b5d0159ba0 6293       3       com.sun.tools.javac.comp.Resolve$LookupHelper::shouldStop (50 bytes)
Event: 11.842 Thread 0x000001b5d0159ba0 nmethod 6293 0x000001b580a12308 code [0x000001b580a12440, 0x000001b580a12770]
Event: 11.845 Thread 0x000001b5d0159ba0 6294       3       com.sun.tools.javac.code.Types$4::visitClassType (10 bytes)
Event: 11.846 Thread 0x000001b5d0159ba0 nmethod 6294 0x000001b580a12808 code [0x000001b580a12940, 0x000001b580a12b68]
Event: 11.846 Thread 0x000001b5d0159ba0 6295       3       com.sun.tools.javac.code.Types$4::visitClassType (99 bytes)
Event: 11.847 Thread 0x000001b5d0159ba0 nmethod 6295 0x000001b580a12b88 code [0x000001b580a12dc0, 0x000001b580a13b58]
Event: 11.847 Thread 0x000001b5d0159ba0 6296       3       com.sun.tools.javac.code.Types$TypeMapping::apply (9 bytes)
Event: 11.847 Thread 0x000001b5d0159ba0 nmethod 6296 0x000001b580a13c08 code [0x000001b580a13d40, 0x000001b580a14210]
Event: 11.847 Thread 0x000001b5d0159ba0 6297       3       com.sun.tools.javac.comp.DeferredAttr$DeferredTypeMap::visitType (29 bytes)
Event: 11.848 Thread 0x000001b5d0159ba0 nmethod 6297 0x000001b580a14288 code [0x000001b580a143e0, 0x000001b580a14958]

GC Heap History (17 events):
Event: 3.962 GC heap before
{Heap before GC invocations=0 (full 0):
 garbage-first heap   total reserved 997376K, committed 63488K, used 14336K [0x00000000c3200000, 0x0000000100000000)
  region size 1024K, 14 young (14336K), 0 survivors (0K)
 Metaspace       used 4492K, committed 4672K, reserved 1114112K
  class space    used 487K, committed 576K, reserved 1048576K
}
Event: 4.076 GC heap after
{Heap after GC invocations=1 (full 0):
 garbage-first heap   total reserved 997376K, committed 63488K, used 3456K [0x00000000c3200000, 0x0000000100000000)
  region size 1024K, 2 young (2048K), 2 survivors (2048K)
 Metaspace       used 4492K, committed 4672K, reserved 1114112K
  class space    used 487K, committed 576K, reserved 1048576K
}
Event: 4.859 GC heap before
{Heap before GC invocations=1 (full 0):
 garbage-first heap   total reserved 997376K, committed 63488K, used 15744K [0x00000000c3200000, 0x0000000100000000)
  region size 1024K, 15 young (15360K), 2 survivors (2048K)
 Metaspace       used 6333K, committed 6528K, reserved 1114112K
  class space    used 763K, committed 896K, reserved 1048576K
}
Event: 4.864 GC heap after
{Heap after GC invocations=2 (full 0):
 garbage-first heap   total reserved 997376K, committed 63488K, used 4276K [0x00000000c3200000, 0x0000000100000000)
  region size 1024K, 1 young (1024K), 1 survivors (1024K)
 Metaspace       used 6333K, committed 6528K, reserved 1114112K
  class space    used 763K, committed 896K, reserved 1048576K
}
Event: 5.893 GC heap before
{Heap before GC invocations=2 (full 0):
 garbage-first heap   total reserved 997376K, committed 63488K, used 33972K [0x00000000c3200000, 0x0000000100000000)
  region size 1024K, 30 young (30720K), 1 survivors (1024K)
 Metaspace       used 11258K, committed 11456K, reserved 1114112K
  class space    used 1379K, committed 1472K, reserved 1048576K
}
Event: 5.898 GC heap after
{Heap after GC invocations=3 (full 0):
 garbage-first heap   total reserved 997376K, committed 63488K, used 6342K [0x00000000c3200000, 0x0000000100000000)
  region size 1024K, 3 young (3072K), 3 survivors (3072K)
 Metaspace       used 11258K, committed 11456K, reserved 1114112K
  class space    used 1379K, committed 1472K, reserved 1048576K
}
Event: 7.491 GC heap before
{Heap before GC invocations=3 (full 0):
 garbage-first heap   total reserved 997376K, committed 63488K, used 36038K [0x00000000c3200000, 0x0000000100000000)
  region size 1024K, 32 young (32768K), 3 survivors (3072K)
 Metaspace       used 15771K, committed 16000K, reserved 1114112K
  class space    used 1927K, committed 2048K, reserved 1048576K
}
Event: 7.504 GC heap after
{Heap after GC invocations=4 (full 0):
 garbage-first heap   total reserved 997376K, committed 63488K, used 8765K [0x00000000c3200000, 0x0000000100000000)
  region size 1024K, 4 young (4096K), 4 survivors (4096K)
 Metaspace       used 15771K, committed 16000K, reserved 1114112K
  class space    used 1927K, committed 2048K, reserved 1048576K
}
Event: 8.400 GC heap before
{Heap before GC invocations=4 (full 0):
 garbage-first heap   total reserved 997376K, committed 63488K, used 40509K [0x00000000c3200000, 0x0000000100000000)
  region size 1024K, 35 young (35840K), 4 survivors (4096K)
 Metaspace       used 17145K, committed 17408K, reserved 1114112K
  class space    used 2047K, committed 2176K, reserved 1048576K
}
Event: 8.411 GC heap after
{Heap after GC invocations=5 (full 0):
 garbage-first heap   total reserved 997376K, committed 63488K, used 11285K [0x00000000c3200000, 0x0000000100000000)
  region size 1024K, 5 young (5120K), 5 survivors (5120K)
 Metaspace       used 17145K, committed 17408K, reserved 1114112K
  class space    used 2047K, committed 2176K, reserved 1048576K
}
Event: 9.720 GC heap before
{Heap before GC invocations=5 (full 0):
 garbage-first heap   total reserved 997376K, committed 63488K, used 31765K [0x00000000c3200000, 0x0000000100000000)
  region size 1024K, 22 young (22528K), 5 survivors (5120K)
 Metaspace       used 21219K, committed 21504K, reserved 1114112K
  class space    used 2590K, committed 2688K, reserved 1048576K
}
Event: 9.736 GC heap after
{Heap after GC invocations=6 (full 0):
 garbage-first heap   total reserved 997376K, committed 63488K, used 20107K [0x00000000c3200000, 0x0000000100000000)
  region size 1024K, 5 young (5120K), 5 survivors (5120K)
 Metaspace       used 21219K, committed 21504K, reserved 1114112K
  class space    used 2590K, committed 2688K, reserved 1048576K
}
Event: 10.686 GC heap before
{Heap before GC invocations=7 (full 0):
 garbage-first heap   total reserved 997376K, committed 63488K, used 46731K [0x00000000c3200000, 0x0000000100000000)
  region size 1024K, 31 young (31744K), 5 survivors (5120K)
 Metaspace       used 25354K, committed 25600K, reserved 1114112K
  class space    used 3024K, committed 3136K, reserved 1048576K
}
Event: 10.708 GC heap after
{Heap after GC invocations=8 (full 0):
 garbage-first heap   total reserved 997376K, committed 63488K, used 29019K [0x00000000c3200000, 0x0000000100000000)
  region size 1024K, 4 young (4096K), 4 survivors (4096K)
 Metaspace       used 25354K, committed 25600K, reserved 1114112K
  class space    used 3024K, committed 3136K, reserved 1048576K
}
Event: 11.177 GC heap before
{Heap before GC invocations=8 (full 0):
 garbage-first heap   total reserved 997376K, committed 63488K, used 49499K [0x00000000c3200000, 0x0000000100000000)
  region size 1024K, 24 young (24576K), 4 survivors (4096K)
 Metaspace       used 26073K, committed 26368K, reserved 1114112K
  class space    used 3085K, committed 3200K, reserved 1048576K
}
Event: 11.193 GC heap after
{Heap after GC invocations=9 (full 0):
 garbage-first heap   total reserved 997376K, committed 63488K, used 32432K [0x00000000c3200000, 0x0000000100000000)
  region size 1024K, 3 young (3072K), 3 survivors (3072K)
 Metaspace       used 26073K, committed 26368K, reserved 1114112K
  class space    used 3085K, committed 3200K, reserved 1048576K
}
Event: 11.853 GC heap before
{Heap before GC invocations=9 (full 0):
 garbage-first heap   total reserved 997376K, committed 63488K, used 50864K [0x00000000c3200000, 0x0000000100000000)
  region size 1024K, 21 young (21504K), 3 survivors (3072K)
 Metaspace       used 26706K, committed 27008K, reserved 1114112K
  class space    used 3142K, committed 3264K, reserved 1048576K
}

Dll operation events (8 events):
Event: 0.038 Loaded shared library C:\Program Files\Java\jdk-23\bin\java.dll
Event: 0.137 Loaded shared library C:\Program Files\Java\jdk-23\bin\jsvml.dll
Event: 1.230 Loaded shared library C:\Program Files\Java\jdk-23\bin\net.dll
Event: 1.682 Loaded shared library C:\Program Files\Java\jdk-23\bin\nio.dll
Event: 1.997 Loaded shared library C:\Program Files\Java\jdk-23\bin\zip.dll
Event: 2.914 Loaded shared library C:\Program Files\Java\jdk-23\bin\jimage.dll
Event: 3.057 Loaded shared library D:\NetBeans-22\netbeans\java\maven\lib\jansi-native\Windows\x86_64\jansi.dll
Event: 3.078 Loaded shared library C:\Program Files\Java\jdk-23\bin\verify.dll

Deoptimization events (20 events):
Event: 10.866 Thread 0x000001b5ebba5eb0 DEOPT PACKING pc=0x000001b5807b374b sp=0x0000005722ffc230
Event: 10.866 Thread 0x000001b5ebba5eb0 DEOPT UNPACKING pc=0x000001b5875884c2 sp=0x0000005722ffb6d0 mode 0
Event: 11.046 Thread 0x000001b5ebba5eb0 Uncommon trap: trap_request=0xffffff45 fr.pc=0x000001b587c7e72c relative=0x0000000000000fcc
Event: 11.046 Thread 0x000001b5ebba5eb0 Uncommon trap: reason=unstable_if action=reinterpret pc=0x000001b587c7e72c method=com.sun.tools.javac.jvm.ClassReader.classSigToType()Lcom/sun/tools/javac/code/Type; @ 288 c2
Event: 11.046 Thread 0x000001b5ebba5eb0 DEOPT PACKING pc=0x000001b587c7e72c sp=0x0000005722ffc030
Event: 11.046 Thread 0x000001b5ebba5eb0 DEOPT UNPACKING pc=0x000001b587587982 sp=0x0000005722ffbff0 mode 2
Event: 11.349 Thread 0x000001b5ebba5eb0 Uncommon trap: trap_request=0xffffff76 fr.pc=0x000001b587c7ac34 relative=0x0000000000000194
Event: 11.349 Thread 0x000001b5ebba5eb0 Uncommon trap: reason=predicate action=maybe_recompile pc=0x000001b587c7ac34 method=com.sun.tools.javac.util.Convert.utf2chars([BI[CIILcom/sun/tools/javac/util/Convert$Validation;)I @ 8 c2
Event: 11.349 Thread 0x000001b5ebba5eb0 DEOPT PACKING pc=0x000001b587c7ac34 sp=0x0000005722ffb780
Event: 11.349 Thread 0x000001b5ebba5eb0 DEOPT UNPACKING pc=0x000001b587587982 sp=0x0000005722ffb6f8 mode 2
Event: 11.415 Thread 0x000001b5ebba5eb0 Uncommon trap: trap_request=0xffffff45 fr.pc=0x000001b587c79f38 relative=0x0000000000000818
Event: 11.415 Thread 0x000001b5ebba5eb0 Uncommon trap: reason=unstable_if action=reinterpret pc=0x000001b587c79f38 method=java.util.HashMap.computeIfAbsent(Ljava/lang/Object;Ljava/util/function/Function;)Ljava/lang/Object; @ 145 c2
Event: 11.415 Thread 0x000001b5ebba5eb0 DEOPT PACKING pc=0x000001b587c79f38 sp=0x0000005722ffb200
Event: 11.415 Thread 0x000001b5ebba5eb0 DEOPT UNPACKING pc=0x000001b587587982 sp=0x0000005722ffb1b8 mode 2
Event: 11.418 Thread 0x000001b5ebba5eb0 DEOPT PACKING pc=0x000001b58096a64b sp=0x0000005722ffb080
Event: 11.418 Thread 0x000001b5ebba5eb0 DEOPT UNPACKING pc=0x000001b5875884c2 sp=0x0000005722ffa520 mode 0
Event: 11.421 Thread 0x000001b5ebba5eb0 DEOPT PACKING pc=0x000001b5808fdc84 sp=0x0000005722ffbdd0
Event: 11.421 Thread 0x000001b5ebba5eb0 DEOPT UNPACKING pc=0x000001b5875884c2 sp=0x0000005722ffb318 mode 0
Event: 11.685 Thread 0x000001b5ebba5eb0 DEOPT PACKING pc=0x000001b5809a61a5 sp=0x0000005722ff3970
Event: 11.686 Thread 0x000001b5ebba5eb0 DEOPT UNPACKING pc=0x000001b5875884c2 sp=0x0000005722ff2e30 mode 0

Classes loaded (20 events):
Event: 10.570 Loading class java/nio/file/FileVisitResult
Event: 10.570 Loading class java/nio/file/FileVisitResult done
Event: 10.570 Loading class sun/nio/fs/BasicFileAttributesHolder
Event: 10.571 Loading class sun/nio/fs/BasicFileAttributesHolder done
Event: 10.712 Loading class java/util/ComparableTimSort
Event: 10.712 Loading class java/util/ComparableTimSort done
Event: 10.719 Loading class sun/nio/fs/WindowsDirectoryStream
Event: 10.719 Loading class sun/nio/fs/WindowsDirectoryStream done
Event: 10.721 Loading class sun/nio/fs/WindowsDirectoryStream$WindowsDirectoryIterator
Event: 10.721 Loading class sun/nio/fs/WindowsDirectoryStream$WindowsDirectoryIterator done
Event: 10.721 Loading class java/nio/file/Files$2
Event: 10.721 Loading class java/nio/file/Files$2 done
Event: 10.725 Loading class sun/nio/fs/WindowsPath$WindowsPathWithAttributes
Event: 10.725 Loading class sun/nio/fs/WindowsPath$WindowsPathWithAttributes done
Event: 10.781 Loading class java/nio/file/FileTreeWalker$1
Event: 10.781 Loading class java/nio/file/FileTreeWalker$1 done
Event: 11.279 Loading class java/util/stream/ReduceOps$1
Event: 11.279 Loading class java/util/stream/ReduceOps$1 done
Event: 11.280 Loading class java/util/stream/ReduceOps$1ReducingSink
Event: 11.281 Loading class java/util/stream/ReduceOps$1ReducingSink done

Classes unloaded (0 events):
No events

Classes redefined (0 events):
No events

Internal exceptions (20 events):
Event: 11.234 Thread 0x000001b5ebba5eb0 Exception <a 'sun/nio/fs/WindowsException'{0x00000000c6ddd1a0}> (0x00000000c6ddd1a0) 
thrown [s\open\src\hotspot\share\prims\jni.cpp, line 520]
Event: 11.234 Thread 0x000001b5ebba5eb0 Exception <a 'sun/nio/fs/WindowsException'{0x00000000c6dde278}> (0x00000000c6dde278) 
thrown [s\open\src\hotspot\share\prims\jni.cpp, line 520]
Event: 11.235 Thread 0x000001b5ebba5eb0 Exception <a 'sun/nio/fs/WindowsException'{0x00000000c6ddf050}> (0x00000000c6ddf050) 
thrown [s\open\src\hotspot\share\prims\jni.cpp, line 520]
Event: 11.235 Thread 0x000001b5ebba5eb0 Exception <a 'sun/nio/fs/WindowsException'{0x00000000c6ddfcf8}> (0x00000000c6ddfcf8) 
thrown [s\open\src\hotspot\share\prims\jni.cpp, line 520]
Event: 11.235 Thread 0x000001b5ebba5eb0 Exception <a 'sun/nio/fs/WindowsException'{0x00000000c6de1878}> (0x00000000c6de1878) 
thrown [s\open\src\hotspot\share\prims\jni.cpp, line 520]
Event: 11.235 Thread 0x000001b5ebba5eb0 Exception <a 'sun/nio/fs/WindowsException'{0x00000000c6de2ba0}> (0x00000000c6de2ba0) 
thrown [s\open\src\hotspot\share\prims\jni.cpp, line 520]
Event: 11.235 Thread 0x000001b5ebba5eb0 Exception <a 'sun/nio/fs/WindowsException'{0x00000000c6de4358}> (0x00000000c6de4358) 
thrown [s\open\src\hotspot\share\prims\jni.cpp, line 520]
Event: 11.235 Thread 0x000001b5ebba5eb0 Exception <a 'sun/nio/fs/WindowsException'{0x00000000c6de5030}> (0x00000000c6de5030) 
thrown [s\open\src\hotspot\share\prims\jni.cpp, line 520]
Event: 11.345 Thread 0x000001b5ebba5eb0 Exception <a 'sun/nio/fs/WindowsException'{0x00000000c69228c8}> (0x00000000c69228c8) 
thrown [s\open\src\hotspot\share\prims\jni.cpp, line 520]
Event: 11.345 Thread 0x000001b5ebba5eb0 Exception <a 'sun/nio/fs/WindowsException'{0x00000000c69239a0}> (0x00000000c69239a0) 
thrown [s\open\src\hotspot\share\prims\jni.cpp, line 520]
Event: 11.345 Thread 0x000001b5ebba5eb0 Exception <a 'sun/nio/fs/WindowsException'{0x00000000c6924778}> (0x00000000c6924778) 
thrown [s\open\src\hotspot\share\prims\jni.cpp, line 520]
Event: 11.345 Thread 0x000001b5ebba5eb0 Exception <a 'sun/nio/fs/WindowsException'{0x00000000c6925420}> (0x00000000c6925420) 
thrown [s\open\src\hotspot\share\prims\jni.cpp, line 520]
Event: 11.346 Thread 0x000001b5ebba5eb0 Exception <a 'sun/nio/fs/WindowsException'{0x00000000c6926e80}> (0x00000000c6926e80) 
thrown [s\open\src\hotspot\share\prims\jni.cpp, line 520]
Event: 11.346 Thread 0x000001b5ebba5eb0 Exception <a 'sun/nio/fs/WindowsException'{0x00000000c6927fc8}> (0x00000000c6927fc8) 
thrown [s\open\src\hotspot\share\prims\jni.cpp, line 520]
Event: 11.346 Thread 0x000001b5ebba5eb0 Exception <a 'sun/nio/fs/WindowsException'{0x00000000c6928f08}> (0x00000000c6928f08) 
thrown [s\open\src\hotspot\share\prims\jni.cpp, line 520]
Event: 11.346 Thread 0x000001b5ebba5eb0 Exception <a 'sun/nio/fs/WindowsException'{0x00000000c6929bc8}> (0x00000000c6929bc8) 
thrown [s\open\src\hotspot\share\prims\jni.cpp, line 520]
Event: 11.346 Thread 0x000001b5ebba5eb0 Exception <a 'sun/nio/fs/WindowsException'{0x00000000c692b7a8}> (0x00000000c692b7a8) 
thrown [s\open\src\hotspot\share\prims\jni.cpp, line 520]
Event: 11.347 Thread 0x000001b5ebba5eb0 Exception <a 'sun/nio/fs/WindowsException'{0x00000000c692cf00}> (0x00000000c692cf00) 
thrown [s\open\src\hotspot\share\prims\jni.cpp, line 520]
Event: 11.348 Thread 0x000001b5ebba5eb0 Exception <a 'sun/nio/fs/WindowsException'{0x00000000c692f480}> (0x00000000c692f480) 
thrown [s\open\src\hotspot\share\prims\jni.cpp, line 520]
Event: 11.348 Thread 0x000001b5ebba5eb0 Exception <a 'sun/nio/fs/WindowsException'{0x00000000c6930178}> (0x00000000c6930178) 
thrown [s\open\src\hotspot\share\prims\jni.cpp, line 520]

VM Operations (20 events):
Event: 10.720 Executing VM operation: HandshakeAllThreads (Deoptimize) done
Event: 10.726 Executing VM operation: HandshakeAllThreads (Deoptimize)
Event: 10.726 Executing VM operation: HandshakeAllThreads (Deoptimize) done
Event: 11.010 Executing VM operation: HandshakeAllThreads (Deoptimize)
Event: 11.010 Executing VM operation: HandshakeAllThreads (Deoptimize) done
Event: 11.177 Executing VM operation: G1CollectForAllocation (G1 Evacuation Pause)
Event: 11.193 Executing VM operation: G1CollectForAllocation (G1 Evacuation Pause) done
Event: 11.280 Executing VM operation: HandshakeAllThreads (Deoptimize)
Event: 11.280 Executing VM operation: HandshakeAllThreads (Deoptimize) done
Event: 11.307 Executing VM operation: HandshakeAllThreads (Deoptimize)
Event: 11.307 Executing VM operation: HandshakeAllThreads (Deoptimize) done
Event: 11.309 Executing VM operation: HandshakeAllThreads (Deoptimize)
Event: 11.309 Executing VM operation: HandshakeAllThreads (Deoptimize) done
Event: 11.420 Executing VM operation: HandshakeAllThreads (Deoptimize)
Event: 11.420 Executing VM operation: HandshakeAllThreads (Deoptimize) done
Event: 11.421 Executing VM operation: HandshakeAllThreads (Deoptimize)
Event: 11.421 Executing VM operation: HandshakeAllThreads (Deoptimize) done
Event: 11.428 Executing VM operation: HandshakeAllThreads (Deoptimize)
Event: 11.428 Executing VM operation: HandshakeAllThreads (Deoptimize) done
Event: 11.853 Executing VM operation: G1CollectForAllocation (G1 Evacuation Pause)

Memory protections (0 events):
No events

Nmethod flushes (0 events):
No events

Events (11 events):
Event: 0.085 Thread 0x000001b5ebba5eb0 Thread added: 0x000001b5ebba5eb0
Event: 0.123 Thread 0x000001b5ebba5eb0 Thread added: 0x000001b5d0130740
Event: 0.124 Thread 0x000001b5ebba5eb0 Thread added: 0x000001b5d0131710
Event: 0.126 Thread 0x000001b5ebba5eb0 Thread added: 0x000001b5d01366b0
Event: 0.126 Thread 0x000001b5ebba5eb0 Thread added: 0x000001b5d0139120
Event: 0.126 Thread 0x000001b5ebba5eb0 Thread added: 0x000001b5d0139b80
Event: 0.126 Thread 0x000001b5ebba5eb0 Thread added: 0x000001b5d013a5e0
Event: 0.127 Thread 0x000001b5ebba5eb0 Thread added: 0x000001b5d013d780
Event: 0.131 Thread 0x000001b5ebba5eb0 Thread added: 0x000001b5d0159ba0
Event: 0.318 Thread 0x000001b5ebba5eb0 Thread added: 0x000001b5d029ad20
Event: 0.330 Thread 0x000001b5ebba5eb0 Thread added: 0x000001b5d029fbb0


Dynamic libraries:
0x00007ff620190000 - 0x00007ff6201a0000 	C:\Program Files\Java\jdk-23\bin\java.exe
0x00007ffe70e90000 - 0x00007ffe710a7000 	C:\WINDOWS\SYSTEM32\ntdll.dll
0x00007ffe70030000 - 0x00007ffe700f4000 	C:\WINDOWS\System32\KERNEL32.DLL
0x00007ffe6e140000 - 0x00007ffe6e510000 	C:\WINDOWS\System32\KERNELBASE.dll
0x00007ffe6ea60000 - 0x00007ffe6eb71000 	C:\WINDOWS\System32\ucrtbase.dll
0x00007ffe59fe0000 - 0x00007ffe59ff7000 	C:\Program Files\Java\jdk-23\bin\jli.dll
0x00007ffe5a000000 - 0x00007ffe5a01b000 	C:\Program Files\Java\jdk-23\bin\VCRUNTIME140.dll
0x00007ffe70100000 - 0x00007ffe702ae000 	C:\WINDOWS\System32\USER32.dll
0x00007ffe6e770000 - 0x00007ffe6e796000 	C:\WINDOWS\System32\win32u.dll
0x00007ffe6ed90000 - 0x00007ffe6edb9000 	C:\WINDOWS\System32\GDI32.dll
0x00007ffe6e940000 - 0x00007ffe6ea5b000 	C:\WINDOWS\System32\gdi32full.dll
0x00007ffe6e590000 - 0x00007ffe6e62a000 	C:\WINDOWS\System32\msvcp_win.dll
0x00007ffe5ebb0000 - 0x00007ffe5ee42000 	C:\WINDOWS\WinSxS\amd64_microsoft.windows.common-controls_6595b64144ccf1df_6.0.22621.4830_none_270fe7d773858e80\COMCTL32.dll
0x00007ffe6f170000 - 0x00007ffe6f217000 	C:\WINDOWS\System32\msvcrt.dll
0x00007ffe6ffd0000 - 0x00007ffe70001000 	C:\WINDOWS\System32\IMM32.DLL
0x00007ffe5be50000 - 0x00007ffe5be5c000 	C:\Program Files\Java\jdk-23\bin\vcruntime140_1.dll
0x00007ffe20c90000 - 0x00007ffe20d1e000 	C:\Program Files\Java\jdk-23\bin\msvcp140.dll
0x00007ffdf5bc0000 - 0x00007ffdf690f000 	C:\Program Files\Java\jdk-23\bin\server\jvm.dll
0x00007ffe6f030000 - 0x00007ffe6f0e1000 	C:\WINDOWS\System32\ADVAPI32.dll
0x00007ffe6edc0000 - 0x00007ffe6ee67000 	C:\WINDOWS\System32\sechost.dll
0x00007ffe6e7a0000 - 0x00007ffe6e7c8000 	C:\WINDOWS\System32\bcrypt.dll
0x00007ffe707e0000 - 0x00007ffe708f4000 	C:\WINDOWS\System32\RPCRT4.dll
0x00007ffe70ab0000 - 0x00007ffe70b21000 	C:\WINDOWS\System32\WS2_32.dll
0x00007ffe629e0000 - 0x00007ffe629ea000 	C:\WINDOWS\SYSTEM32\VERSION.dll
0x00007ffe6e010000 - 0x00007ffe6e05d000 	C:\WINDOWS\SYSTEM32\POWRPROF.dll
0x00007ffe66dd0000 - 0x00007ffe66e04000 	C:\WINDOWS\SYSTEM32\WINMM.dll
0x00007ffe6dff0000 - 0x00007ffe6e003000 	C:\WINDOWS\SYSTEM32\UMPDC.dll
0x00007ffe6d180000 - 0x00007ffe6d198000 	C:\WINDOWS\SYSTEM32\kernel.appcore.dll
0x00007ffe59fd0000 - 0x00007ffe59fda000 	C:\Program Files\Java\jdk-23\bin\jimage.dll
0x00007ffe6b9b0000 - 0x00007ffe6bbe2000 	C:\WINDOWS\SYSTEM32\DBGHELP.DLL
0x00007ffe6fb30000 - 0x00007ffe6fec0000 	C:\WINDOWS\System32\combase.dll
0x00007ffe70d70000 - 0x00007ffe70e47000 	C:\WINDOWS\System32\OLEAUT32.dll
0x00007ffe585b0000 - 0x00007ffe585e2000 	C:\WINDOWS\SYSTEM32\dbgcore.DLL
0x00007ffe6e630000 - 0x00007ffe6e6ab000 	C:\WINDOWS\System32\bcryptPrimitives.dll
0x00007ffe59fb0000 - 0x00007ffe59fce000 	C:\Program Files\Java\jdk-23\bin\java.dll
0x00007ffe70900000 - 0x00007ffe70aa1000 	C:\WINDOWS\System32\ole32.dll
0x00007ffe6f2b0000 - 0x00007ffe6fb28000 	C:\WINDOWS\System32\SHELL32.dll
0x00007ffe6c090000 - 0x00007ffe6c9a0000 	C:\WINDOWS\SYSTEM32\windows.storage.dll
0x00007ffe6bf50000 - 0x00007ffe6c08f000 	C:\WINDOWS\SYSTEM32\wintypes.dll
0x00007ffe6ec20000 - 0x00007ffe6ed2a000 	C:\WINDOWS\System32\SHCORE.dll
0x00007ffe6ed30000 - 0x00007ffe6ed8e000 	C:\WINDOWS\System32\shlwapi.dll
0x00007ffe6e070000 - 0x00007ffe6e09b000 	C:\WINDOWS\SYSTEM32\profapi.dll
0x00007ffe20bb0000 - 0x00007ffe20c87000 	C:\Program Files\Java\jdk-23\bin\jsvml.dll
0x00007ffe59fa0000 - 0x00007ffe59fb0000 	C:\Program Files\Java\jdk-23\bin\net.dll
0x00007ffe6d600000 - 0x00007ffe6d66a000 	C:\WINDOWS\system32\mswsock.dll
0x00007ffe4f6f0000 - 0x00007ffe4f706000 	C:\Program Files\Java\jdk-23\bin\nio.dll
0x00007ffe4a9a0000 - 0x00007ffe4a9b7000 	C:\Program Files\Java\jdk-23\bin\zip.dll
0x0000000069ac0000 - 0x0000000069ae4000 	D:\NetBeans-22\netbeans\java\maven\lib\jansi-native\Windows\x86_64\jansi.dll
0x00007ffe58d40000 - 0x00007ffe58d50000 	C:\Program Files\Java\jdk-23\bin\verify.dll

dbghelp: loaded successfully - version: 4.0.5 - missing functions: none
symbol engine: initialized successfully - sym options: 0x614 - pdb path: .;C:\Program Files\Java\jdk-23\bin;C:\WINDOWS\SYSTEM32;C:\WINDOWS\WinSxS\amd64_microsoft.windows.common-controls_6595b64144ccf1df_6.0.22621.4830_none_270fe7d773858e80;C:\Program Files\Java\jdk-23\bin\server;D:\NetBeans-22\netbeans\java\maven\lib\jansi-native\Windows\x86_64

VM Arguments:
jvm_args: -Dclassworlds.conf=D:\NetBeans-22\netbeans\java\maven\bin\m2.conf -Dmaven.home=D:\NetBeans-22\netbeans\java\maven -Dlibrary.jansi.path=D:\NetBeans-22\netbeans\java\maven\lib\jansi-native -Dmaven.multiModuleProjectDirectory=C:\Users\Lenovo\Documents\NetBeansProjects\prueba16-2-25 
java_command: org.codehaus.plexus.classworlds.launcher.Launcher -Dexec.vmArgs=--enable-preview -Dexec.args=${exec.vmArgs} -classpath %classpath ${exec.mainClass} ${exec.appArgs} -Dexec.executable=C:\Program Files\Java\jdk-23\bin\java.exe -Dexec.mainClass=Vista.Login -Dexec.classpathScope=runtime -Dexec.appArgs= -Dmaven.ext.class.path=D:\NetBeans-22\netbeans\java\maven-nblib\netbeans-eventspy.jar --no-transfer-progress process-classes org.codehaus.mojo:exec-maven-plugin:3.1.0:exec
java_class_path (initial): D:\NetBeans-22\netbeans\java\maven\boot\plexus-classworlds-2.7.0.jar
Launcher Type: SUN_STANDARD

[Global flags]
     intx CICompilerCount                          = 3                                         {product} {ergonomic}
     uint ConcGCThreads                            = 1                                         {product} {ergonomic}
     uint G1ConcRefinementThreads                  = 4                                         {product} {ergonomic}
   size_t G1HeapRegionSize                         = 1048576                                   {product} {ergonomic}
   size_t InitialHeapSize                          = 65011712                                  {product} {ergonomic}
   size_t MarkStackSize                            = 4194304                                   {product} {ergonomic}
   size_t MarkStackSizeMax                         = 536870912                                 {product} {ergonomic}
   size_t MaxHeapSize                              = 1021313024                                {product} {ergonomic}
   size_t MaxNewSize                               = 612368384                                 {product} {ergonomic}
   size_t MinHeapDeltaBytes                        = 1048576                                   {product} {ergonomic}
   size_t MinHeapSize                              = 8388608                                   {product} {ergonomic}
    uintx NonNMethodCodeHeapSize                   = 5832704                                {pd product} {ergonomic}
    uintx NonProfiledCodeHeapSize                  = 122945536                              {pd product} {ergonomic}
    uintx ProfiledCodeHeapSize                     = 122880000                              {pd product} {ergonomic}
    uintx ReservedCodeCacheSize                    = 251658240                              {pd product} {ergonomic}
     bool SegmentedCodeCache                       = true                                      {product} {ergonomic}
   size_t SoftMaxHeapSize                          = 1021313024                             {manageable} {ergonomic}
     bool UseCompressedOops                        = true                           {product lp64_product} {ergonomic}
     bool UseG1GC                                  = true                                      {product} {ergonomic}
     bool UseLargePagesIndividualAllocation        = false                                  {pd product} {ergonomic}

Logging:
Log output configuration:
 #0: stdout all=warning uptime,level,tags foldmultilines=false
 #1: stderr all=off uptime,level,tags foldmultilines=false

Environment Variables:
JAVA_HOME=C:\Program Files\Java\jdk-23
PATH=C:\Program Files\Common Files\Oracle\Java\javapath;C:\WINDOWS\system32;C:\WINDOWS;C:\WINDOWS\System32\Wbem;C:\WINDOWS\System32\WindowsPowerShell\v1.0\;C:\WINDOWS\System32\OpenSSH\;C:\Program Files\Microsoft SQL Server\150\Tools\Binn\;C:\Program Files\dotnet\;C:\Program Files\MongoDB\Server\8.0\bin;C:\Program Files\MongoDB\mongosh-2.3.3-win32-x64;C:\Program Files\nodejs\;D:\Git\cmd;C:\Users\Lenovo\AppData\Local\Microsoft\WindowsApps;C:\Users\Lenovo\AppData\Local\Programs\Microsoft VS Code\bin;C:\Users\Lenovo\.dotnet\tools;C:\Users\Lenovo\AppData\Local\GitHubDesktop\bin;C:\Program Files\MongoDB\mongosh-2.3.3-win32-x64\bin;C:\Users\Lenovo\AppData\Local\Microsoft\WinGet\Packages\Schniz.fnm_Microsoft.Winget.Source_8wekyb3d8bbwe;C:\Users\Lenovo\AppData\Roaming\npm;C:\Users\Lenovo\AppData\Local\Microsoft\WindowsApps;
USERNAME=Lenovo
OS=Windows_NT
PROCESSOR_IDENTIFIER=Intel64 Family 6 Model 126 Stepping 5, GenuineIntel
TMP=C:\Users\Lenovo\AppData\Local\Temp
TEMP=C:\Users\Lenovo\AppData\Local\Temp




Periodic native trim disabled

---------------  S Y S T E M  ---------------

OS:
 Windows 11 , 64 bit Build 22621 (10.0.22621.4830)
OS uptime: 9 days 21:49 hours

CPU: total 4 (initial active 4) (2 cores per cpu, 2 threads per core) family 6 model 126 stepping 5 microcode 0x86, cx8, cmov, fxsr, ht, mmx, 3dnowpref, sse, sse2, sse3, ssse3, sse4.1, sse4.2, popcnt, lzcnt, tsc, tscinvbit, avx, avx2, aes, erms, clmul, bmi1, bmi2, adx, avx512f, avx512dq, avx512cd, avx512bw, avx512vl, sha, fma, vzeroupper, avx512_vpopcntdq, avx512_vpclmulqdq, avx512_vaes, avx512_vnni, clflush, clflushopt, avx512_vbmi2, avx512_vbmi, rdtscp, rdpid, fsrm, gfni, avx512_bitalg, f16c, pku, avx512_ifma
Processor Information for the first 4 processors :
  Max Mhz: 1190, Current Mhz: 1190, Mhz Limit: 1190

Memory: 4k page, system-wide physical 3891M (243M free)
TotalPageFile size 15667M (AvailPageFile size 14M)
current process WorkingSet (physical memory assigned to process): 190M, peak: 192M
current process commit charge ("private bytes"): 213M, peak: 229M

vm_info: Java HotSpot(TM) 64-Bit Server VM (23.0.1+11-39) for windows-amd64 JRE (23.0.1+11-39), built on 2024-09-30T07:20:43Z with MS VC++ 17.6 (VS2022)

END.
