#
# There is insufficient memory for the Java Runtime Environment to continue.
# Native memory allocation (malloc) failed to allocate 32744 bytes. Error detail: Chunk::new
# Possible reasons:
#   The system is out of physical RAM or swap space
#   This process is running with CompressedOops enabled, and the Java Heap may be blocking the growth of the native heap
# Possible solutions:
#   Reduce memory load on the system
#   Increase physical memory or swap space
#   Check if swap backing store is full
#   Decrease Java heap size (-Xmx/-Xms)
#   Decrease number of Java threads
#   Decrease Java thread stack sizes (-Xss)
#   Set larger code cache with -XX:ReservedCodeCacheSize=
#   JVM is running with Unscaled Compressed Oops mode in which the Java heap is
#     placed in the first 4GB address space. The Java Heap base address is the
#     maximum limit for the native heap growth. Please use -XX:HeapBaseMinAddress
#     to set the Java Heap base and to place the Java Heap above 4GB virtual address.
# This output file may be truncated or incomplete.
#
#  Out of Memory Error (arena.cpp:149), pid=8432, tid=6952
#
# JRE version: Java(TM) SE Runtime Environment (23.0.1+11) (build 23.0.1+11-39)
# Java VM: Java HotSpot(TM) 64-Bit Server VM (23.0.1+11-39, mixed mode, tiered, compressed oops, compressed class ptrs, g1 gc, windows-amd64)
# No core dump will be written. Minidumps are not enabled by default on client versions of Windows
#

---------------  S U M M A R Y ------------

Command Line: -Dclassworlds.conf=D:\NetBeans-22\netbeans\java\maven\bin\m2.conf -Dmaven.home=D:\NetBeans-22\netbeans\java\maven -Dlibrary.jansi.path=D:\NetBeans-22\netbeans\java\maven\lib\jansi-native -Dmaven.multiModuleProjectDirectory=C:\Users\Lenovo\Documents\NetBeansProjects\prueba16-2-25 org.codehaus.plexus.classworlds.launcher.Launcher -Dexec.vmArgs=--enable-preview -Dexec.args=${exec.vmArgs} -classpath %classpath ${exec.mainClass} ${exec.appArgs} -Dexec.executable=C:\Program Files\Java\jdk-23\bin\java.exe -Dexec.mainClass=Vista.Login -Dexec.classpathScope=runtime -Dexec.appArgs= -Dmaven.ext.class.path=D:\NetBeans-22\netbeans\java\maven-nblib\netbeans-eventspy.jar --no-transfer-progress process-classes org.codehaus.mojo:exec-maven-plugin:3.1.0:exec

Host: Intel(R) Core(TM) i3-1005G1 CPU @ 1.20GHz, 4 cores, 3G,  Windows 11 , 64 bit Build 26100 (10.0.26100.3775)
Time: Tue May  6 08:29:28 2025 Hora est. Pacífico, Sudamérica elapsed time: 5.463115 seconds (0d 0h 0m 5s)

---------------  T H R E A D  ---------------

Current thread (0x0000013dac182510):  JavaThread "C1 CompilerThread0" daemon [_thread_in_native, id=6952, stack(0x0000003615500000,0x0000003615600000) (1024K)]


Current CompileTask:
C1:5463  903       3       java.net.URLStreamHandler::parseURL (1124 bytes)

Stack: [0x0000003615500000,0x0000003615600000]
Native frames: (J=compiled Java code, j=interpreted, Vv=VM code, C=native code)
V  [jvm.dll+0x6e08b9]  (no source info available)
V  [jvm.dll+0x87dc83]  (no source info available)
V  [jvm.dll+0x88010e]  (no source info available)
V  [jvm.dll+0x8807e3]  (no source info available)
V  [jvm.dll+0x27aee6]  (no source info available)
V  [jvm.dll+0xbc06f]  (no source info available)
V  [jvm.dll+0xbc2cb]  (no source info available)
V  [jvm.dll+0x1918a4]  (no source info available)
V  [jvm.dll+0x193d18]  (no source info available)
V  [jvm.dll+0x1955e4]  (no source info available)
V  [jvm.dll+0x150a72]  (no source info available)
V  [jvm.dll+0x15022f]  (no source info available)
V  [jvm.dll+0x1504db]  (no source info available)
V  [jvm.dll+0x14f8a8]  (no source info available)
V  [jvm.dll+0x1516ed]  (no source info available)
V  [jvm.dll+0x253cf1]  (no source info available)
V  [jvm.dll+0x251faa]  (no source info available)
V  [jvm.dll+0x3ee036]  (no source info available)
V  [jvm.dll+0x824f8b]  (no source info available)
V  [jvm.dll+0x6df065]  (no source info available)
C  [ucrtbase.dll+0x37b0]  (no source info available)
C  [KERNEL32.DLL+0x2e8d7]  (no source info available)
C  [ntdll.dll+0xb14fc]  (no source info available)

Lock stack of current Java thread (top to bottom):


---------------  P R O C E S S  ---------------

Threads class SMR info:
_java_thread_list=0x0000013dac2f3170, length=11, elements={
0x0000013d8edc6b10, 0x0000013dac149160, 0x0000013dac158810, 0x0000013dac15c290,
0x0000013dac15ccf0, 0x0000013dac15d750, 0x0000013dac15e1b0, 0x0000013dac15ef40,
0x0000013dac182510, 0x0000013dac31acd0, 0x0000013dac322b80
}

Java Threads: ( => current thread )
  0x0000013d8edc6b10 JavaThread "main"                              [_thread_in_vm, id=17184, stack(0x0000003614600000,0x0000003614700000) (1024K)]
  0x0000013dac149160 JavaThread "Reference Handler"          daemon [_thread_blocked, id=17968, stack(0x0000003614e00000,0x0000003614f00000) (1024K)]
  0x0000013dac158810 JavaThread "Finalizer"                  daemon [_thread_blocked, id=10320, stack(0x0000003614f00000,0x0000003615000000) (1024K)]
  0x0000013dac15c290 JavaThread "Signal Dispatcher"          daemon [_thread_blocked, id=17368, stack(0x0000003615000000,0x0000003615100000) (1024K)]
  0x0000013dac15ccf0 JavaThread "Attach Listener"            daemon [_thread_blocked, id=2264, stack(0x0000003615100000,0x0000003615200000) (1024K)]
  0x0000013dac15d750 JavaThread "Service Thread"             daemon [_thread_blocked, id=23240, stack(0x0000003615200000,0x0000003615300000) (1024K)]
  0x0000013dac15e1b0 JavaThread "Monitor Deflation Thread"   daemon [_thread_blocked, id=15072, stack(0x0000003615300000,0x0000003615400000) (1024K)]
  0x0000013dac15ef40 JavaThread "C2 CompilerThread0"         daemon [_thread_blocked, id=1484, stack(0x0000003615400000,0x0000003615500000) (1024K)]
=>0x0000013dac182510 JavaThread "C1 CompilerThread0"         daemon [_thread_in_native, id=6952, stack(0x0000003615500000,0x0000003615600000) (1024K)]
  0x0000013dac31acd0 JavaThread "Notification Thread"        daemon [_thread_blocked, id=5136, stack(0x0000003615600000,0x0000003615700000) (1024K)]
  0x0000013dac322b80 JavaThread "Common-Cleaner"             daemon [_thread_blocked, id=17900, stack(0x0000003615700000,0x0000003615800000) (1024K)]
Total: 11

Other Threads:
  0x0000013dac07bfd0 VMThread "VM Thread"                           [id=18572, stack(0x0000003614d00000,0x0000003614e00000) (1024K)]
  0x0000013dac06d810 WatcherThread "VM Periodic Task Thread"        [id=2608, stack(0x0000003614c00000,0x0000003614d00000) (1024K)]
  0x0000013d91205150 WorkerThread "GC Thread#0"                     [id=4288, stack(0x0000003614700000,0x0000003614800000) (1024K)]
  0x0000013d9120f8e0 ConcurrentGCThread "G1 Main Marker"            [id=8844, stack(0x0000003614800000,0x0000003614900000) (1024K)]
  0x0000013d91211220 WorkerThread "G1 Conc#0"                       [id=12112, stack(0x0000003614900000,0x0000003614a00000) (1024K)]
  0x0000013d91265c50 ConcurrentGCThread "G1 Refine#0"               [id=14024, stack(0x0000003614a00000,0x0000003614b00000) (1024K)]
  0x0000013d912666e0 ConcurrentGCThread "G1 Service"                [id=3468, stack(0x0000003614b00000,0x0000003614c00000) (1024K)]
Total: 7

Threads with active compile tasks:
C1 CompilerThread0  5594  903       3       java.net.URLStreamHandler::parseURL (1124 bytes)
Total: 1

VM state: not at safepoint (normal execution)

VM Mutex/Monitor currently owned by a thread:  ([mutex/lock_event])
[0x00007ffa83361890] Metaspace_lock - owner thread: 0x0000013d8edc6b10

Heap address: 0x00000000c3200000, size: 974 MB, Compressed Oops mode: 32-bit

CDS archive(s) not mapped
Compressed class space mapped at: 0x0000000029000000-0x0000000069000000, reserved size: 1073741824
Narrow klass base: 0x0000000000000000, Narrow klass shift: 0, Narrow klass range: 0x69000000

GC Precious Log:
 CardTable entry size: 512
 Card Set container configuration: InlinePtr #cards 5 size 8 Array Of Cards #cards 10 size 36 Howl #buckets 4 coarsen threshold 1843 Howl Bitmap #cards 512 size 80 coarsen threshold 460 Card regions per heap region 1 cards per card region 2048
 CPUs: 4 total, 4 available
 Memory: 3891M
 Large Page Support: Disabled
 NUMA Support: Disabled
 Compressed Oops: Enabled (32-bit)
 Heap Region Size: 1M
 Heap Min Capacity: 8M
 Heap Initial Capacity: 62M
 Heap Max Capacity: 974M
 Pre-touch: Disabled
 Parallel Workers: 4
 Concurrent Workers: 1
 Concurrent Refinement Workers: 4
 Periodic GC: Disabled

Heap:
 garbage-first heap   total reserved 997376K, committed 63488K, used 11264K [0x00000000c3200000, 0x0000000100000000)
  region size 1024K, 12 young (12288K), 0 survivors (0K)
 Metaspace       used 12071K, committed 12224K, reserved 1114112K
  class space    used 1119K, committed 1216K, reserved 1048576K

Heap Regions: E=young(eden), S=young(survivor), O=old, HS=humongous(starts), HC=humongous(continues), CS=collection set, F=free, TAMS=top-at-mark-start, PB=parsable bottom
|   0|0x00000000c3200000, 0x00000000c3200000, 0x00000000c3300000|  0%| F|  |TAMS 0x00000000c3200000| PB 0x00000000c3200000| Untracked |  0
|   1|0x00000000c3300000, 0x00000000c3300000, 0x00000000c3400000|  0%| F|  |TAMS 0x00000000c3300000| PB 0x00000000c3300000| Untracked |  0
|   2|0x00000000c3400000, 0x00000000c3400000, 0x00000000c3500000|  0%| F|  |TAMS 0x00000000c3400000| PB 0x00000000c3400000| Untracked |  0
|   3|0x00000000c3500000, 0x00000000c3500000, 0x00000000c3600000|  0%| F|  |TAMS 0x00000000c3500000| PB 0x00000000c3500000| Untracked |  0
|   4|0x00000000c3600000, 0x00000000c3600000, 0x00000000c3700000|  0%| F|  |TAMS 0x00000000c3600000| PB 0x00000000c3600000| Untracked |  0
|   5|0x00000000c3700000, 0x00000000c3700000, 0x00000000c3800000|  0%| F|  |TAMS 0x00000000c3700000| PB 0x00000000c3700000| Untracked |  0
|   6|0x00000000c3800000, 0x00000000c3800000, 0x00000000c3900000|  0%| F|  |TAMS 0x00000000c3800000| PB 0x00000000c3800000| Untracked |  0
|   7|0x00000000c3900000, 0x00000000c3900000, 0x00000000c3a00000|  0%| F|  |TAMS 0x00000000c3900000| PB 0x00000000c3900000| Untracked |  0
|   8|0x00000000c3a00000, 0x00000000c3a00000, 0x00000000c3b00000|  0%| F|  |TAMS 0x00000000c3a00000| PB 0x00000000c3a00000| Untracked |  0
|   9|0x00000000c3b00000, 0x00000000c3b00000, 0x00000000c3c00000|  0%| F|  |TAMS 0x00000000c3b00000| PB 0x00000000c3b00000| Untracked |  0
|  10|0x00000000c3c00000, 0x00000000c3c00000, 0x00000000c3d00000|  0%| F|  |TAMS 0x00000000c3c00000| PB 0x00000000c3c00000| Untracked |  0
|  11|0x00000000c3d00000, 0x00000000c3d00000, 0x00000000c3e00000|  0%| F|  |TAMS 0x00000000c3d00000| PB 0x00000000c3d00000| Untracked |  0
|  12|0x00000000c3e00000, 0x00000000c3e00000, 0x00000000c3f00000|  0%| F|  |TAMS 0x00000000c3e00000| PB 0x00000000c3e00000| Untracked |  0
|  13|0x00000000c3f00000, 0x00000000c3f00000, 0x00000000c4000000|  0%| F|  |TAMS 0x00000000c3f00000| PB 0x00000000c3f00000| Untracked |  0
|  14|0x00000000c4000000, 0x00000000c4000000, 0x00000000c4100000|  0%| F|  |TAMS 0x00000000c4000000| PB 0x00000000c4000000| Untracked |  0
|  15|0x00000000c4100000, 0x00000000c4100000, 0x00000000c4200000|  0%| F|  |TAMS 0x00000000c4100000| PB 0x00000000c4100000| Untracked |  0
|  16|0x00000000c4200000, 0x00000000c4200000, 0x00000000c4300000|  0%| F|  |TAMS 0x00000000c4200000| PB 0x00000000c4200000| Untracked |  0
|  17|0x00000000c4300000, 0x00000000c4300000, 0x00000000c4400000|  0%| F|  |TAMS 0x00000000c4300000| PB 0x00000000c4300000| Untracked |  0
|  18|0x00000000c4400000, 0x00000000c4400000, 0x00000000c4500000|  0%| F|  |TAMS 0x00000000c4400000| PB 0x00000000c4400000| Untracked |  0
|  19|0x00000000c4500000, 0x00000000c4500000, 0x00000000c4600000|  0%| F|  |TAMS 0x00000000c4500000| PB 0x00000000c4500000| Untracked |  0
|  20|0x00000000c4600000, 0x00000000c4600000, 0x00000000c4700000|  0%| F|  |TAMS 0x00000000c4600000| PB 0x00000000c4600000| Untracked |  0
|  21|0x00000000c4700000, 0x00000000c4700000, 0x00000000c4800000|  0%| F|  |TAMS 0x00000000c4700000| PB 0x00000000c4700000| Untracked |  0
|  22|0x00000000c4800000, 0x00000000c4800000, 0x00000000c4900000|  0%| F|  |TAMS 0x00000000c4800000| PB 0x00000000c4800000| Untracked |  0
|  23|0x00000000c4900000, 0x00000000c4900000, 0x00000000c4a00000|  0%| F|  |TAMS 0x00000000c4900000| PB 0x00000000c4900000| Untracked |  0
|  24|0x00000000c4a00000, 0x00000000c4a00000, 0x00000000c4b00000|  0%| F|  |TAMS 0x00000000c4a00000| PB 0x00000000c4a00000| Untracked |  0
|  25|0x00000000c4b00000, 0x00000000c4b00000, 0x00000000c4c00000|  0%| F|  |TAMS 0x00000000c4b00000| PB 0x00000000c4b00000| Untracked |  0
|  26|0x00000000c4c00000, 0x00000000c4c00000, 0x00000000c4d00000|  0%| F|  |TAMS 0x00000000c4c00000| PB 0x00000000c4c00000| Untracked |  0
|  27|0x00000000c4d00000, 0x00000000c4d00000, 0x00000000c4e00000|  0%| F|  |TAMS 0x00000000c4d00000| PB 0x00000000c4d00000| Untracked |  0
|  28|0x00000000c4e00000, 0x00000000c4e00000, 0x00000000c4f00000|  0%| F|  |TAMS 0x00000000c4e00000| PB 0x00000000c4e00000| Untracked |  0
|  29|0x00000000c4f00000, 0x00000000c4f00000, 0x00000000c5000000|  0%| F|  |TAMS 0x00000000c4f00000| PB 0x00000000c4f00000| Untracked |  0
|  30|0x00000000c5000000, 0x00000000c5000000, 0x00000000c5100000|  0%| F|  |TAMS 0x00000000c5000000| PB 0x00000000c5000000| Untracked |  0
|  31|0x00000000c5100000, 0x00000000c5100000, 0x00000000c5200000|  0%| F|  |TAMS 0x00000000c5100000| PB 0x00000000c5100000| Untracked |  0
|  32|0x00000000c5200000, 0x00000000c5200000, 0x00000000c5300000|  0%| F|  |TAMS 0x00000000c5200000| PB 0x00000000c5200000| Untracked |  0
|  33|0x00000000c5300000, 0x00000000c5300000, 0x00000000c5400000|  0%| F|  |TAMS 0x00000000c5300000| PB 0x00000000c5300000| Untracked |  0
|  34|0x00000000c5400000, 0x00000000c5400000, 0x00000000c5500000|  0%| F|  |TAMS 0x00000000c5400000| PB 0x00000000c5400000| Untracked |  0
|  35|0x00000000c5500000, 0x00000000c5500000, 0x00000000c5600000|  0%| F|  |TAMS 0x00000000c5500000| PB 0x00000000c5500000| Untracked |  0
|  36|0x00000000c5600000, 0x00000000c5600000, 0x00000000c5700000|  0%| F|  |TAMS 0x00000000c5600000| PB 0x00000000c5600000| Untracked |  0
|  37|0x00000000c5700000, 0x00000000c5700000, 0x00000000c5800000|  0%| F|  |TAMS 0x00000000c5700000| PB 0x00000000c5700000| Untracked |  0
|  38|0x00000000c5800000, 0x00000000c5800000, 0x00000000c5900000|  0%| F|  |TAMS 0x00000000c5800000| PB 0x00000000c5800000| Untracked |  0
|  39|0x00000000c5900000, 0x00000000c5900000, 0x00000000c5a00000|  0%| F|  |TAMS 0x00000000c5900000| PB 0x00000000c5900000| Untracked |  0
|  40|0x00000000c5a00000, 0x00000000c5a00000, 0x00000000c5b00000|  0%| F|  |TAMS 0x00000000c5a00000| PB 0x00000000c5a00000| Untracked |  0
|  41|0x00000000c5b00000, 0x00000000c5b00000, 0x00000000c5c00000|  0%| F|  |TAMS 0x00000000c5b00000| PB 0x00000000c5b00000| Untracked |  0
|  42|0x00000000c5c00000, 0x00000000c5c00000, 0x00000000c5d00000|  0%| F|  |TAMS 0x00000000c5c00000| PB 0x00000000c5c00000| Untracked |  0
|  43|0x00000000c5d00000, 0x00000000c5d00000, 0x00000000c5e00000|  0%| F|  |TAMS 0x00000000c5d00000| PB 0x00000000c5d00000| Untracked |  0
|  44|0x00000000c5e00000, 0x00000000c5e00000, 0x00000000c5f00000|  0%| F|  |TAMS 0x00000000c5e00000| PB 0x00000000c5e00000| Untracked |  0
|  45|0x00000000c5f00000, 0x00000000c5f00000, 0x00000000c6000000|  0%| F|  |TAMS 0x00000000c5f00000| PB 0x00000000c5f00000| Untracked |  0
|  46|0x00000000c6000000, 0x00000000c6000000, 0x00000000c6100000|  0%| F|  |TAMS 0x00000000c6000000| PB 0x00000000c6000000| Untracked |  0
|  47|0x00000000c6100000, 0x00000000c6100000, 0x00000000c6200000|  0%| F|  |TAMS 0x00000000c6100000| PB 0x00000000c6100000| Untracked |  0
|  48|0x00000000c6200000, 0x00000000c6200000, 0x00000000c6300000|  0%| F|  |TAMS 0x00000000c6200000| PB 0x00000000c6200000| Untracked |  0
|  49|0x00000000c6300000, 0x00000000c6300000, 0x00000000c6400000|  0%| F|  |TAMS 0x00000000c6300000| PB 0x00000000c6300000| Untracked |  0
|  50|0x00000000c6400000, 0x00000000c645a4c8, 0x00000000c6500000| 35%| E|  |TAMS 0x00000000c6400000| PB 0x00000000c6400000| Complete |  0
|  51|0x00000000c6500000, 0x00000000c6600000, 0x00000000c6600000|100%| E|CS|TAMS 0x00000000c6500000| PB 0x00000000c6500000| Complete |  0
|  52|0x00000000c6600000, 0x00000000c6700000, 0x00000000c6700000|100%| E|CS|TAMS 0x00000000c6600000| PB 0x00000000c6600000| Complete |  0
|  53|0x00000000c6700000, 0x00000000c6800000, 0x00000000c6800000|100%| E|CS|TAMS 0x00000000c6700000| PB 0x00000000c6700000| Complete |  0
|  54|0x00000000c6800000, 0x00000000c6900000, 0x00000000c6900000|100%| E|CS|TAMS 0x00000000c6800000| PB 0x00000000c6800000| Complete |  0
|  55|0x00000000c6900000, 0x00000000c6a00000, 0x00000000c6a00000|100%| E|CS|TAMS 0x00000000c6900000| PB 0x00000000c6900000| Complete |  0
|  56|0x00000000c6a00000, 0x00000000c6b00000, 0x00000000c6b00000|100%| E|CS|TAMS 0x00000000c6a00000| PB 0x00000000c6a00000| Complete |  0
|  57|0x00000000c6b00000, 0x00000000c6c00000, 0x00000000c6c00000|100%| E|CS|TAMS 0x00000000c6b00000| PB 0x00000000c6b00000| Complete |  0
|  58|0x00000000c6c00000, 0x00000000c6d00000, 0x00000000c6d00000|100%| E|CS|TAMS 0x00000000c6c00000| PB 0x00000000c6c00000| Complete |  0
|  59|0x00000000c6d00000, 0x00000000c6e00000, 0x00000000c6e00000|100%| E|CS|TAMS 0x00000000c6d00000| PB 0x00000000c6d00000| Complete |  0
|  60|0x00000000c6e00000, 0x00000000c6f00000, 0x00000000c6f00000|100%| E|CS|TAMS 0x00000000c6e00000| PB 0x00000000c6e00000| Complete |  0
|  61|0x00000000c6f00000, 0x00000000c7000000, 0x00000000c7000000|100%| E|CS|TAMS 0x00000000c6f00000| PB 0x00000000c6f00000| Complete |  0

Card table byte_map: [0x0000013da8af0000,0x0000013da8ce0000] _byte_map_base: 0x0000013da84d7000

Marking Bits: (CMBitMap*) 0x0000013d91205770
 Bits: [0x0000013da8ce0000, 0x0000013da9c18000)

Polling page: 0x0000013d8f010000

Metaspace:

Usage:
  Non-class:     10.69 MB used.
      Class:      1.09 MB used.
       Both:     11.79 MB used.

Virtual space:
  Non-class space:       64.00 MB reserved,      10.75 MB ( 17%) committed,  1 nodes.
      Class space:        1.00 GB reserved,       1.19 MB ( <1%) committed,  1 nodes.
             Both:        1.06 GB reserved,      11.94 MB (  1%) committed. 

Chunk freelists:
   Non-Class:  4.55 MB
       Class:  14.66 MB
        Both:  19.21 MB

MaxMetaspaceSize: unlimited
CompressedClassSpaceSize: 1.00 GB
Initial GC threshold: 21.00 MB
Current GC threshold: 21.00 MB
CDS: off
 - commit_granule_bytes: 65536.
 - commit_granule_words: 8192.
 - virtual_space_node_default_size: 8388608.
 - enlarge_chunks_in_place: 1.
 - use_allocation_guard: 0.


Internal statistics:

num_allocs_failed_limit: 0.
num_arena_births: 34.
num_arena_deaths: 0.
num_vsnodes_births: 2.
num_vsnodes_deaths: 0.
num_space_committed: 191.
num_space_uncommitted: 0.
num_chunks_returned_to_freelist: 0.
num_chunks_taken_from_freelist: 130.
num_chunk_merges: 0.
num_chunk_splits: 80.
num_chunks_enlarged: 65.
num_inconsistent_stats: 0.

CodeHeap 'non-profiled nmethods': size=120064Kb used=242Kb max_used=242Kb free=119821Kb
 bounds [0x0000013da13c0000, 0x0000013da1630000, 0x0000013da8900000]
CodeHeap 'profiled nmethods': size=120000Kb used=1219Kb max_used=1219Kb free=118780Kb
 bounds [0x0000013d99900000, 0x0000013d99b70000, 0x0000013da0e30000]
CodeHeap 'non-nmethods': size=5696Kb used=1446Kb max_used=1460Kb free=4249Kb
 bounds [0x0000013da0e30000, 0x0000013da10a0000, 0x0000013da13c0000]
CodeCache: size=245760Kb, used=2907Kb, max_used=2921Kb, free=242850Kb
 total_blobs=1361, nmethods=903, adapters=364, full_count=0
Compilation: enabled, stopped_count=0, restarted_count=0

Compilation events (20 events):
Event: 3.176 Thread 0x0000013dac182510 nmethod 894 0x0000013d99a2c808 code [0x0000013d99a2c980, 0x0000013d99a2d040]
Event: 3.176 Thread 0x0000013dac182510  895       3       java.util.zip.ZipFile$ZipFileInflaterInputStream::fill (80 bytes)
Event: 3.176 Thread 0x0000013dac182510 nmethod 895 0x0000013d99a2d088 code [0x0000013d99a2d1e0, 0x0000013d99a2d5a0]
Event: 3.176 Thread 0x0000013dac182510  896   !   3       java.util.zip.ZipFile$ZipFileInputStream::read (135 bytes)
Event: 3.177 Thread 0x0000013dac182510 nmethod 896 0x0000013d99a2d608 code [0x0000013d99a2d7a0, 0x0000013d99a2df18]
Event: 3.177 Thread 0x0000013dac182510  897       3       java.util.zip.ZipFile$ZipFileInputStream::initDataOffset (117 bytes)
Event: 3.177 Thread 0x0000013dac182510 nmethod 897 0x0000013d99a2df88 code [0x0000013d99a2e120, 0x0000013d99a2e888]
Event: 3.177 Thread 0x0000013dac182510  898       3       jdk.internal.ref.CleanerImpl$PhantomCleanableRef::performCleanup (10 bytes)
Event: 3.178 Thread 0x0000013dac182510 nmethod 898 0x0000013d99a2e908 code [0x0000013d99a2ea20, 0x0000013d99a2ebf0]
Event: 3.178 Thread 0x0000013dac182510  899       3       java.util.ArrayDeque::add (7 bytes)
Event: 3.178 Thread 0x0000013dac182510 nmethod 899 0x0000013d99a2ec08 code [0x0000013d99a2ed20, 0x0000013d99a2ee78]
Event: 3.185 Thread 0x0000013dac182510  900       3       java.lang.ClassLoader::definePackage (85 bytes)
Event: 3.186 Thread 0x0000013dac182510 nmethod 900 0x0000013d99a2ef08 code [0x0000013d99a2f160, 0x0000013d99a2ff48]
Event: 3.186 Thread 0x0000013dac182510  901       3       java.lang.Package::isSealed (26 bytes)
Event: 3.187 Thread 0x0000013dac182510 nmethod 901 0x0000013d99a30008 code [0x0000013d99a30140, 0x0000013d99a30410]
Event: 3.187 Thread 0x0000013dac182510  902       3       java.lang.ClassLoader::compareCerts (197 bytes)
Event: 3.188 Thread 0x0000013dac182510 nmethod 902 0x0000013d99a30488 code [0x0000013d99a30620, 0x0000013d99a30e20]
Event: 3.188 Thread 0x0000013dac182510  903       3       java.net.URLStreamHandler::parseURL (1124 bytes)
Event: 3.189 Thread 0x0000013dac15ef40  904       4       java.lang.String::startsWith (123 bytes)
Event: 4.208 Thread 0x0000013dac15ef40 nmethod 904 0x0000013da13fc388 code [0x0000013da13fc4a0, 0x0000013da13fc840]

GC Heap History (0 events):
No events

Dll operation events (8 events):
Event: 0.019 Loaded shared library C:\Program Files\Java\jdk-23\bin\java.dll
Event: 0.715 Loaded shared library C:\Program Files\Java\jdk-23\bin\jsvml.dll
Event: 0.841 Loaded shared library C:\Program Files\Java\jdk-23\bin\net.dll
Event: 0.846 Loaded shared library C:\Program Files\Java\jdk-23\bin\nio.dll
Event: 0.873 Loaded shared library C:\Program Files\Java\jdk-23\bin\zip.dll
Event: 1.361 Loaded shared library C:\Program Files\Java\jdk-23\bin\jimage.dll
Event: 1.387 Loaded shared library D:\NetBeans-22\netbeans\java\maven\lib\jansi-native\Windows\x86_64\jansi.dll
Event: 1.419 Loaded shared library C:\Program Files\Java\jdk-23\bin\verify.dll

Deoptimization events (20 events):
Event: 1.267 Thread 0x0000013d8edc6b10 DEOPT PACKING pc=0x0000013da13cc930 sp=0x00000036146fa830
Event: 1.267 Thread 0x0000013d8edc6b10 DEOPT UNPACKING pc=0x0000013da0e87982 sp=0x00000036146fa7d0 mode 2
Event: 1.369 Thread 0x0000013d8edc6b10 Uncommon trap: trap_request=0xffffff45 fr.pc=0x0000013da13d40e0 relative=0x0000000000000060
Event: 1.369 Thread 0x0000013d8edc6b10 Uncommon trap: reason=unstable_if action=reinterpret pc=0x0000013da13d40e0 method=java.io.WinNTFileSystem.isSlash(C)Z @ 9 c2
Event: 1.369 Thread 0x0000013d8edc6b10 DEOPT PACKING pc=0x0000013da13d40e0 sp=0x00000036146fde80
Event: 1.369 Thread 0x0000013d8edc6b10 DEOPT UNPACKING pc=0x0000013da0e87982 sp=0x00000036146fde08 mode 2
Event: 1.840 Thread 0x0000013d8edc6b10 Uncommon trap: trap_request=0xffffff45 fr.pc=0x0000013da13d3a40 relative=0x0000000000000500
Event: 1.840 Thread 0x0000013d8edc6b10 Uncommon trap: reason=unstable_if action=reinterpret pc=0x0000013da13d3a40 method=java.lang.StringLatin1.canEncode(C)Z @ 4 c2
Event: 1.840 Thread 0x0000013d8edc6b10 DEOPT PACKING pc=0x0000013da13d3a40 sp=0x00000036146fe730
Event: 1.840 Thread 0x0000013d8edc6b10 DEOPT UNPACKING pc=0x0000013da0e87982 sp=0x00000036146fe660 mode 2
Event: 1.841 Thread 0x0000013d8edc6b10 Uncommon trap: trap_request=0xffffff45 fr.pc=0x0000013da13e4aa0 relative=0x00000000000004e0
Event: 1.841 Thread 0x0000013d8edc6b10 Uncommon trap: reason=unstable_if action=reinterpret pc=0x0000013da13e4aa0 method=java.lang.AbstractStringBuilder.isLatin1()Z @ 10 c2
Event: 1.841 Thread 0x0000013d8edc6b10 DEOPT PACKING pc=0x0000013da13e4aa0 sp=0x00000036146fe750
Event: 1.841 Thread 0x0000013d8edc6b10 DEOPT UNPACKING pc=0x0000013da0e87982 sp=0x00000036146fe6e0 mode 2
Event: 1.841 Thread 0x0000013d8edc6b10 Uncommon trap: trap_request=0xffffff45 fr.pc=0x0000013da13e7f5c relative=0x000000000000005c
Event: 1.841 Thread 0x0000013d8edc6b10 Uncommon trap: reason=unstable_if action=reinterpret pc=0x0000013da13e7f5c method=java.lang.AbstractStringBuilder.isLatin1()Z @ 10 c2
Event: 1.841 Thread 0x0000013d8edc6b10 DEOPT PACKING pc=0x0000013da13e7f5c sp=0x00000036146fe750
Event: 1.841 Thread 0x0000013d8edc6b10 DEOPT UNPACKING pc=0x0000013da0e87982 sp=0x00000036146fe6e0 mode 2
Event: 2.976 Thread 0x0000013d8edc6b10 DEOPT PACKING pc=0x0000013d99949a0d sp=0x00000036146fa4e0
Event: 2.976 Thread 0x0000013d8edc6b10 DEOPT UNPACKING pc=0x0000013da0e884c2 sp=0x00000036146f9930 mode 0

Classes loaded (20 events):
Event: 3.081 Loading class jdk/internal/logger/BootstrapLogger$LoggingBackend
Event: 3.081 Loading class jdk/internal/logger/BootstrapLogger$LoggingBackend done
Event: 3.081 Loading class jdk/internal/logger/BootstrapLogger$RedirectedLoggers
Event: 3.081 Loading class jdk/internal/logger/BootstrapLogger$RedirectedLoggers done
Event: 3.081 Loading class jdk/internal/logger/BootstrapLogger$BootstrapExecutors
Event: 3.082 Loading class jdk/internal/logger/BootstrapLogger$BootstrapExecutors done
Event: 3.082 Loading class java/util/logging/LogManager$4
Event: 3.082 Loading class java/util/logging/LogManager$4 done
Event: 3.082 Loading class java/util/logging/Logger$SystemLoggerHelper
Event: 3.082 Loading class java/util/logging/Logger$SystemLoggerHelper done
Event: 3.082 Loading class java/util/logging/Logger$SystemLoggerHelper$1
Event: 3.082 Loading class java/util/logging/Logger$SystemLoggerHelper$1 done
Event: 3.082 Loading class jdk/internal/logger/DefaultLoggerFinder$1
Event: 3.082 Loading class jdk/internal/logger/DefaultLoggerFinder$1 done
Event: 3.132 Loading class java/io/InvalidObjectException
Event: 3.132 Loading class java/io/ObjectStreamException
Event: 3.133 Loading class java/io/ObjectStreamException done
Event: 3.133 Loading class java/io/InvalidObjectException done
Event: 3.173 Loading class java/util/NoSuchElementException
Event: 3.174 Loading class java/util/NoSuchElementException done

Classes unloaded (0 events):
No events

Classes redefined (0 events):
No events

Internal exceptions (18 events):
Event: 1.001 Thread 0x0000013d8edc6b10 Exception <a 'java/lang/NoSuchMethodError'{0x00000000c6eed1f0}: 'int java.lang.invoke.DirectMethodHandle$Holder.invokeSpecial(java.lang.Object, java.lang.Object, java.lang.Object)'> (0x00000000c6eed1f0) 
thrown [s\open\src\hotspot\share\interpreter\linkResolver.cpp, line 796]
Event: 1.320 Thread 0x0000013d8edc6b10 Exception <a 'java/lang/NoSuchMethodError'{0x00000000c6b05378}: 'java.lang.Object java.lang.invoke.Invokers$Holder.invokeExact_MT(java.lang.Object, java.lang.Object, java.lang.Object, java.lang.Object, java.lang.Object)'> (0x00000000c6b05378) 
thrown [s\open\src\hotspot\share\interpreter\linkResolver.cpp, line 796]
Event: 1.351 Thread 0x0000013d8edc6b10 Exception <a 'java/lang/NullPointerException'{0x00000000c6b58dd8}> (0x00000000c6b58dd8) 
thrown [s\open\src\hotspot\share\interpreter\linkResolver.cpp, line 1389]
Event: 1.390 Thread 0x0000013d8edc6b10 Exception <a 'java/lang/NullPointerException'{0x00000000c6b8f358}> (0x00000000c6b8f358) 
thrown [s\open\src\hotspot\share\interpreter\linkResolver.cpp, line 1389]
Event: 1.390 Thread 0x0000013d8edc6b10 Exception <a 'java/lang/NullPointerException'{0x00000000c6b8f8a8}> (0x00000000c6b8f8a8) 
thrown [s\open\src\hotspot\share\interpreter\linkResolver.cpp, line 1389]
Event: 1.390 Thread 0x0000013d8edc6b10 Exception <a 'java/lang/NullPointerException'{0x00000000c6b8fb88}> (0x00000000c6b8fb88) 
thrown [s\open\src\hotspot\share\interpreter\linkResolver.cpp, line 1389]
Event: 1.393 Thread 0x0000013d8edc6b10 Exception <a 'java/lang/NullPointerException'{0x00000000c6b94798}> (0x00000000c6b94798) 
thrown [s\open\src\hotspot\share\interpreter\linkResolver.cpp, line 1389]
Event: 1.396 Thread 0x0000013d8edc6b10 Exception <a 'java/lang/NullPointerException'{0x00000000c6ba7750}> (0x00000000c6ba7750) 
thrown [s\open\src\hotspot\share\interpreter\linkResolver.cpp, line 1389]
Event: 1.396 Thread 0x0000013d8edc6b10 Exception <a 'java/lang/NullPointerException'{0x00000000c6ba7a30}> (0x00000000c6ba7a30) 
thrown [s\open\src\hotspot\share\interpreter\linkResolver.cpp, line 1389]
Event: 1.396 Thread 0x0000013d8edc6b10 Exception <a 'java/lang/NullPointerException'{0x00000000c6ba7d10}> (0x00000000c6ba7d10) 
thrown [s\open\src\hotspot\share\interpreter\linkResolver.cpp, line 1389]
Event: 1.396 Thread 0x0000013d8edc6b10 Exception <a 'java/lang/NullPointerException'{0x00000000c6ba7ff0}> (0x00000000c6ba7ff0) 
thrown [s\open\src\hotspot\share\interpreter\linkResolver.cpp, line 1389]
Event: 1.416 Thread 0x0000013d8edc6b10 Exception <a 'sun/nio/fs/WindowsException'{0x00000000c6bd0c28}> (0x00000000c6bd0c28) 
thrown [s\open\src\hotspot\share\prims\jni.cpp, line 520]
Event: 1.416 Thread 0x0000013d8edc6b10 Exception <a 'sun/nio/fs/WindowsException'{0x00000000c6bd1388}> (0x00000000c6bd1388) 
thrown [s\open\src\hotspot\share\prims\jni.cpp, line 520]
Event: 1.417 Thread 0x0000013d8edc6b10 Exception <a 'sun/nio/fs/WindowsException'{0x00000000c6bd1910}> (0x00000000c6bd1910) 
thrown [s\open\src\hotspot\share\prims\jni.cpp, line 520]
Event: 1.417 Thread 0x0000013d8edc6b10 Exception <a 'sun/nio/fs/WindowsException'{0x00000000c6bd1e68}> (0x00000000c6bd1e68) 
thrown [s\open\src\hotspot\share\prims\jni.cpp, line 520]
Event: 1.417 Thread 0x0000013d8edc6b10 Exception <a 'sun/nio/fs/WindowsException'{0x00000000c6bd2370}> (0x00000000c6bd2370) 
thrown [s\open\src\hotspot\share\prims\jni.cpp, line 520]
Event: 1.417 Thread 0x0000013d8edc6b10 Exception <a 'sun/nio/fs/WindowsException'{0x00000000c6bd2830}> (0x00000000c6bd2830) 
thrown [s\open\src\hotspot\share\prims\jni.cpp, line 520]
Event: 1.636 Thread 0x0000013d8edc6b10 Exception <a 'java/lang/NoSuchMethodError'{0x00000000c69eec38}: 'java.lang.Object java.lang.invoke.DirectMethodHandle$Holder.invokeSpecialIFC(java.lang.Object, java.lang.Object, java.lang.Object, java.lang.Object)'> (0x00000000c69eec38) 
thrown [s\open\src\hotspot\share\interpreter\linkResolver.cpp, line 796]

VM Operations (6 events):
Event: 0.878 Executing VM operation: HandshakeAllThreads (Deoptimize)
Event: 0.878 Executing VM operation: HandshakeAllThreads (Deoptimize) done
Event: 1.349 Executing VM operation: HandshakeAllThreads (Deoptimize)
Event: 1.349 Executing VM operation: HandshakeAllThreads (Deoptimize) done
Event: 1.369 Executing VM operation: HandshakeAllThreads (Deoptimize)
Event: 1.369 Executing VM operation: HandshakeAllThreads (Deoptimize) done

Memory protections (0 events):
No events

Nmethod flushes (0 events):
No events

Events (11 events):
Event: 0.590 Thread 0x0000013d8edc6b10 Thread added: 0x0000013d8edc6b10
Event: 0.707 Thread 0x0000013d8edc6b10 Thread added: 0x0000013dac149160
Event: 0.709 Thread 0x0000013d8edc6b10 Thread added: 0x0000013dac158810
Event: 0.711 Thread 0x0000013d8edc6b10 Thread added: 0x0000013dac15c290
Event: 0.712 Thread 0x0000013d8edc6b10 Thread added: 0x0000013dac15ccf0
Event: 0.712 Thread 0x0000013d8edc6b10 Thread added: 0x0000013dac15d750
Event: 0.712 Thread 0x0000013d8edc6b10 Thread added: 0x0000013dac15e1b0
Event: 0.712 Thread 0x0000013d8edc6b10 Thread added: 0x0000013dac15ef40
Event: 0.713 Thread 0x0000013d8edc6b10 Thread added: 0x0000013dac182510
Event: 0.804 Thread 0x0000013d8edc6b10 Thread added: 0x0000013dac31acd0
Event: 0.819 Thread 0x0000013d8edc6b10 Thread added: 0x0000013dac322b80


Dynamic libraries:
0x00007ff7a9d30000 - 0x00007ff7a9d40000 	C:\Program Files\Java\jdk-23\bin\java.exe
0x00007ffad7c80000 - 0x00007ffad7ee0000 	C:\WINDOWS\SYSTEM32\ntdll.dll
0x00007ffad6870000 - 0x00007ffad6937000 	C:\WINDOWS\System32\KERNEL32.DLL
0x00007ffad4e60000 - 0x00007ffad522a000 	C:\WINDOWS\System32\KERNELBASE.dll
0x00007ffad55c0000 - 0x00007ffad570b000 	C:\WINDOWS\System32\ucrtbase.dll
0x00007ffab90b0000 - 0x00007ffab90c7000 	C:\Program Files\Java\jdk-23\bin\jli.dll
0x00007ffad6430000 - 0x00007ffad65fc000 	C:\WINDOWS\System32\USER32.dll
0x00007ffad5590000 - 0x00007ffad55b7000 	C:\WINDOWS\System32\win32u.dll
0x00007ffad6c30000 - 0x00007ffad6c5a000 	C:\WINDOWS\System32\GDI32.dll
0x00007ffad52e0000 - 0x00007ffad5411000 	C:\WINDOWS\System32\gdi32full.dll
0x00007ffad5230000 - 0x00007ffad52d3000 	C:\WINDOWS\System32\msvcp_win.dll
0x00007ffab8fe0000 - 0x00007ffab8ffb000 	C:\Program Files\Java\jdk-23\bin\VCRUNTIME140.dll
0x00007ffac1ef0000 - 0x00007ffac2187000 	C:\WINDOWS\WinSxS\amd64_microsoft.windows.common-controls_6595b64144ccf1df_6.0.26100.3624_none_3e086962e3345f24\COMCTL32.dll
0x00007ffad75a0000 - 0x00007ffad7649000 	C:\WINDOWS\System32\msvcrt.dll
0x00007ffad5a80000 - 0x00007ffad5aaf000 	C:\WINDOWS\System32\IMM32.DLL
0x00007ffac8220000 - 0x00007ffac822c000 	C:\Program Files\Java\jdk-23\bin\vcruntime140_1.dll
0x00007ffa8e8a0000 - 0x00007ffa8e92e000 	C:\Program Files\Java\jdk-23\bin\msvcp140.dll
0x00007ffa826f0000 - 0x00007ffa8343f000 	C:\Program Files\Java\jdk-23\bin\server\jvm.dll
0x00007ffad74e0000 - 0x00007ffad7592000 	C:\WINDOWS\System32\ADVAPI32.dll
0x00007ffad6670000 - 0x00007ffad6716000 	C:\WINDOWS\System32\sechost.dll
0x00007ffad6ff0000 - 0x00007ffad7106000 	C:\WINDOWS\System32\RPCRT4.dll
0x00007ffad7140000 - 0x00007ffad71b4000 	C:\WINDOWS\System32\WS2_32.dll
0x00007ffad4cd0000 - 0x00007ffad4d2e000 	C:\WINDOWS\SYSTEM32\POWRPROF.dll
0x00007ffac0060000 - 0x00007ffac0096000 	C:\WINDOWS\SYSTEM32\WINMM.dll
0x00007ffac6530000 - 0x00007ffac653b000 	C:\WINDOWS\SYSTEM32\VERSION.dll
0x00007ffad4cb0000 - 0x00007ffad4cc4000 	C:\WINDOWS\SYSTEM32\UMPDC.dll
0x00007ffad3c70000 - 0x00007ffad3c8a000 	C:\WINDOWS\SYSTEM32\kernel.appcore.dll
0x00007ffac6680000 - 0x00007ffac668a000 	C:\Program Files\Java\jdk-23\bin\jimage.dll
0x00007ffad25b0000 - 0x00007ffad27f1000 	C:\WINDOWS\SYSTEM32\DBGHELP.DLL
0x00007ffad6c60000 - 0x00007ffad6fe2000 	C:\WINDOWS\System32\combase.dll
0x00007ffad61f0000 - 0x00007ffad62c6000 	C:\WINDOWS\System32\OLEAUT32.dll
0x00007ffab8aa0000 - 0x00007ffab8ad9000 	C:\WINDOWS\SYSTEM32\dbgcore.DLL
0x00007ffad5710000 - 0x00007ffad57a9000 	C:\WINDOWS\System32\bcryptPrimitives.dll
0x00007ffab0aa0000 - 0x00007ffab0abe000 	C:\Program Files\Java\jdk-23\bin\java.dll
0x00007ffad6a30000 - 0x00007ffad6bc6000 	C:\WINDOWS\System32\ole32.dll
0x00007ffad5ac0000 - 0x00007ffad61e9000 	C:\WINDOWS\System32\SHELL32.dll
0x00007ffad5420000 - 0x00007ffad5588000 	C:\WINDOWS\System32\wintypes.dll
0x00007ffad2b40000 - 0x00007ffad3392000 	C:\WINDOWS\SYSTEM32\windows.storage.dll
0x00007ffad6940000 - 0x00007ffad6a2d000 	C:\WINDOWS\System32\SHCORE.dll
0x00007ffad6600000 - 0x00007ffad6664000 	C:\WINDOWS\System32\shlwapi.dll
0x00007ffad4d70000 - 0x00007ffad4d9f000 	C:\WINDOWS\SYSTEM32\profapi.dll
0x00007ffa8d800000 - 0x00007ffa8d8d7000 	C:\Program Files\Java\jdk-23\bin\jsvml.dll
0x00007ffac60c0000 - 0x00007ffac60d0000 	C:\Program Files\Java\jdk-23\bin\net.dll
0x00007ffad4190000 - 0x00007ffad41fa000 	C:\WINDOWS\system32\mswsock.dll
0x00007ffaac9b0000 - 0x00007ffaac9c6000 	C:\Program Files\Java\jdk-23\bin\nio.dll
0x00007ffaac8c0000 - 0x00007ffaac8d7000 	C:\Program Files\Java\jdk-23\bin\zip.dll
0x0000000069ac0000 - 0x0000000069ae4000 	D:\NetBeans-22\netbeans\java\maven\lib\jansi-native\Windows\x86_64\jansi.dll
0x00007ffac6090000 - 0x00007ffac60a0000 	C:\Program Files\Java\jdk-23\bin\verify.dll

dbghelp: loaded successfully - version: 4.0.5 - missing functions: none
symbol engine: initialized successfully - sym options: 0x614 - pdb path: .;C:\Program Files\Java\jdk-23\bin;C:\WINDOWS\SYSTEM32;C:\WINDOWS\WinSxS\amd64_microsoft.windows.common-controls_6595b64144ccf1df_6.0.26100.3624_none_3e086962e3345f24;C:\Program Files\Java\jdk-23\bin\server;D:\NetBeans-22\netbeans\java\maven\lib\jansi-native\Windows\x86_64

VM Arguments:
jvm_args: -Dclassworlds.conf=D:\NetBeans-22\netbeans\java\maven\bin\m2.conf -Dmaven.home=D:\NetBeans-22\netbeans\java\maven -Dlibrary.jansi.path=D:\NetBeans-22\netbeans\java\maven\lib\jansi-native -Dmaven.multiModuleProjectDirectory=C:\Users\Lenovo\Documents\NetBeansProjects\prueba16-2-25 
java_command: org.codehaus.plexus.classworlds.launcher.Launcher -Dexec.vmArgs=--enable-preview -Dexec.args=${exec.vmArgs} -classpath %classpath ${exec.mainClass} ${exec.appArgs} -Dexec.executable=C:\Program Files\Java\jdk-23\bin\java.exe -Dexec.mainClass=Vista.Login -Dexec.classpathScope=runtime -Dexec.appArgs= -Dmaven.ext.class.path=D:\NetBeans-22\netbeans\java\maven-nblib\netbeans-eventspy.jar --no-transfer-progress process-classes org.codehaus.mojo:exec-maven-plugin:3.1.0:exec
java_class_path (initial): D:\NetBeans-22\netbeans\java\maven\boot\plexus-classworlds-2.7.0.jar
Launcher Type: SUN_STANDARD

[Global flags]
     intx CICompilerCount                          = 3                                         {product} {ergonomic}
     uint ConcGCThreads                            = 1                                         {product} {ergonomic}
     uint G1ConcRefinementThreads                  = 4                                         {product} {ergonomic}
   size_t G1HeapRegionSize                         = 1048576                                   {product} {ergonomic}
   size_t InitialHeapSize                          = 65011712                                  {product} {ergonomic}
   size_t MarkStackSize                            = 4194304                                   {product} {ergonomic}
   size_t MarkStackSizeMax                         = 536870912                                 {product} {ergonomic}
   size_t MaxHeapSize                              = 1021313024                                {product} {ergonomic}
   size_t MaxNewSize                               = 612368384                                 {product} {ergonomic}
   size_t MinHeapDeltaBytes                        = 1048576                                   {product} {ergonomic}
   size_t MinHeapSize                              = 8388608                                   {product} {ergonomic}
    uintx NonNMethodCodeHeapSize                   = 5832704                                {pd product} {ergonomic}
    uintx NonProfiledCodeHeapSize                  = 122945536                              {pd product} {ergonomic}
    uintx ProfiledCodeHeapSize                     = 122880000                              {pd product} {ergonomic}
    uintx ReservedCodeCacheSize                    = 251658240                              {pd product} {ergonomic}
     bool SegmentedCodeCache                       = true                                      {product} {ergonomic}
   size_t SoftMaxHeapSize                          = 1021313024                             {manageable} {ergonomic}
     bool UseCompressedOops                        = true                           {product lp64_product} {ergonomic}
     bool UseG1GC                                  = true                                      {product} {ergonomic}
     bool UseLargePagesIndividualAllocation        = false                                  {pd product} {ergonomic}

Logging:
Log output configuration:
 #0: stdout all=warning uptime,level,tags foldmultilines=false
 #1: stderr all=off uptime,level,tags foldmultilines=false

Environment Variables:
JAVA_HOME=C:\Program Files\Java\jdk-23
PATH=C:\Program Files\Common Files\Oracle\Java\javapath;C:\WINDOWS\system32;C:\WINDOWS;C:\WINDOWS\System32\Wbem;C:\WINDOWS\System32\WindowsPowerShell\v1.0\;C:\WINDOWS\System32\OpenSSH\;C:\Program Files\Microsoft SQL Server\150\Tools\Binn\;C:\Program Files\dotnet\;C:\Program Files\MongoDB\Server\8.0\bin;C:\Program Files\MongoDB\mongosh-2.3.3-win32-x64;C:\Program Files\nodejs\;D:\Git\cmd;C:\Users\Lenovo\AppData\Local\Microsoft\WindowsApps;C:\Users\Lenovo\AppData\Local\Programs\Microsoft VS Code\bin;C:\Users\Lenovo\.dotnet\tools;C:\Users\Lenovo\AppData\Local\GitHubDesktop\bin;C:\Program Files\MongoDB\mongosh-2.3.3-win32-x64\bin;C:\Users\Lenovo\AppData\Local\Microsoft\WinGet\Packages\Schniz.fnm_Microsoft.Winget.Source_8wekyb3d8bbwe;C:\Users\Lenovo\AppData\Roaming\npm;C:\Users\Lenovo\AppData\Local\Microsoft\WindowsApps;
USERNAME=Lenovo
OS=Windows_NT
PROCESSOR_IDENTIFIER=Intel64 Family 6 Model 126 Stepping 5, GenuineIntel
TMP=C:\Users\Lenovo\AppData\Local\Temp
TEMP=C:\Users\Lenovo\AppData\Local\Temp




Periodic native trim disabled

---------------  S Y S T E M  ---------------

OS:
 Windows 11 , 64 bit Build 26100 (10.0.26100.3775)
OS uptime: 14 days 1:03 hours

CPU: total 4 (initial active 4) (2 cores per cpu, 2 threads per core) family 6 model 126 stepping 5 microcode 0x86, cx8, cmov, fxsr, ht, mmx, 3dnowpref, sse, sse2, sse3, ssse3, sse4.1, sse4.2, popcnt, lzcnt, tsc, tscinvbit, avx, avx2, aes, erms, clmul, bmi1, bmi2, adx, avx512f, avx512dq, avx512cd, avx512bw, avx512vl, sha, fma, vzeroupper, avx512_vpopcntdq, avx512_vpclmulqdq, avx512_vaes, avx512_vnni, clflush, clflushopt, avx512_vbmi2, avx512_vbmi, rdtscp, rdpid, fsrm, gfni, avx512_bitalg, f16c, pku, avx512_ifma
Processor Information for the first 4 processors :
  Max Mhz: 1190, Current Mhz: 1190, Mhz Limit: 1190

Memory: 4k page, system-wide physical 3891M (289M free)
TotalPageFile size 15667M (AvailPageFile size 0M)
current process WorkingSet (physical memory assigned to process): 60M, peak: 60M
current process commit charge ("private bytes"): 143M, peak: 143M

vm_info: Java HotSpot(TM) 64-Bit Server VM (23.0.1+11-39) for windows-amd64 JRE (23.0.1+11-39), built on 2024-09-30T07:20:43Z with MS VC++ 17.6 (VS2022)

END.
